node   1  (   0,    0) (   6,    3) (  11,    4) (  31,    8) (  64,   15) (  48,   44) (   8,   44) (  24,   27) (  48,   14) (   8,   40)
          (   8,    9) (   8,    9) (  14,   10) (  21,   10) (   7,   19) (   7,    7) (   7,    7) (   7,    7) (   7,    7) (  12,    7)
          (   6,    7) (  36,   12) (   6,   21) (   6,    7) (   6,    7) (   6,    7) (  10,    8) (   8,   12) (   4,    9) (   4,    7)
          (   4,    7) (  20,   11) (  32,   14) (   7,   38) (   4,   10) (   8,    8) (  12,    8) (   4,   13) (   4,    6) (   4,    4)
          (   4,    4) (   4,    4) (   4,    2) (   4,    2) (   4,    3) (   6,    1) (   4,    1) (   8,    2) (   4,    2) (   4,    1)
          (   4,    1) (   4,    1) (   4,    1) (   4,    1) (   4,    1) (   4,    1) (   4,    1) (   4,    1) (   4,    1) (   4,    1)
          (   4,    1) (   4,    1) (   4,    1) (   4,    1) (   4,    1) (   4,    1) (   4,    1) (   4,    1) (   4,    1) (   4,    1)
          (   4,    1) (   4,    1) (   4,    1) (   4,    1) (   4,    1) (   4,    1) (   4,    1) (   4,    1) (   4,    1) (   4,    1)
          (   4,    1) (   4,    1) (   4,    1) (   4,    1) (   4,    1) (   4,    1) (   4,    1) (   4,    1) (   4,    1) (   4,    1)
          (   4,    1) (   4,    1) (   4,    1) (   4,    1) (   4,    1) (   4,    1) (   4,    1) (   4,    1) (   4,    1) (   4,    1)
          (   4,    1) (   4,    1) (   4,    1) (   4,    1) (   4,    1) (   4,    1) (   6,    1) (   6,    2) (  40,   12) (   4,   31)
          (   4,    3) (   4,    3) (   4,    3) (   4,    3) (   4,    3) (   4,    3) (   4,    3) (   4,    3) (   4,    3) (   4,    3)
          (   4,    3) (   4,    3) (   4,    3) (   4,    3) (   4,    3) (   4,    3) (   4,    3) (   4,    3) (   4,    3) (   4,    3)
          (   4,    3) (   4,    3) (   4,    3) (   4,    3) (   4,    3) (   4,    3) (   4,    3) (   4,    3) (   4,    3) (   4,    3)
          (   4,    3) (   4,    3) (   4,    3) (   4,    3) (   4,    3) (   4,    3) (   4,    3) (   4,    3) (   4,    3) (   4,    3)
          (   4,    3) (   4,    3) (   4,    3) (   4,    3) (   4,    3) (   4,    3) (   4,    3) (   4,    3) (   4,    3) (   4,    3)
          (   4,    3) (   4,    3) (   4,    3) (   4,    3) (   4,    3) (   4,    3) (   4,    3) (   4,    3) (   4,    3) (   4,    3)
          (   4,    3) (   4,    3) (   4,    3) (   4,    3) (   4,    3) (   4,    3) (   4,    3) (   4,    3) (   4,    3) (   4,    3)
          (   4,    3) (   4,    3) (   4,    3) (   4,    3) (   4,    3) (   4,    3) (   4,    3) (   4,    3) (   4,    3) (   4,    3)
          (   4,    3) (   4,    3) (   4,    3) (   4,    3) (   4,    3) (   4,    3) (   4,    3) (   4,    3) (   4,    3) (   4,    3)
          (   4,    3) (   4,    3) (   4,    3) (   4,    3) (   4,    3) (   4,    3) (   4,    3) (   4,    3) (   4,    3) (   4,    3)
          (   4,    3) (   4,    3) (   4,    3) (   4,    3) (   4,    3) (   4,    3) (   4,    3) (   4,    3) (   4,    3) (   4,    3)
          (   4,    3) (   4,    3) (   4,    3) (   4,    3) (   4,    3) (   4,    3) (   4,    3) (   4,    3) (   4,    3) (   4,    3)
          (   4,    3) (   4,    3) (   4,    3) (   4,    3) (   4,    3) (   4,    3) (   4,    3) (   4,    3) (   4,    3) (   4,    3)
          (   4,    3) (   4,    3) (   4,    3) (   4,    3) (   4,    3) (   4,    3) (   4,    3) (   4,    3) (   4,    3) (   4,    3)
          (   4,    3) (   4,    3) (   4,    3) (   4,    3) (   4,    3) (   4,    3) (   4,    3) (   4,    3) (   4,    3) (   4,    3)
          (   4,    3) (   4,    3) (   4,    3) (   4,    3) (   4,    3) (   4,    3) (   4,    3) (   4,    3) (   4,    3) (   4,    3)
          (   4,    3) (   4,    3) (   4,    3) (   4,    3) (   4,    3) (   4,    3) (   4,    3) (   4,    3) (   4,    3) (   4,    3)
          (   4,    3) (   4,    3) (   4,    3) (   4,    3) (   4,    3) (   4,    3) (   4,    3) (   4,    3) (   4,    3) (   4,    3)
          (   4,    3) (   4,    3) (   4,    3) (   4,    3) (   4,    3) (   4,    3) (   4,    3) (   4,    3) (   4,    3) (   4,    3)
          (   4,    3) (   4,    3) (   4,    3) (   4,    3) (   4,    3) (   4,    3) (   4,    3) (   4,    3) (   4,    3) (   4,    3)
          (   4,    3) (   4,    3) (   4,    3) (   4,    3) (   4,    3) (   4,    3) (   4,    3) (   4,    3) (   4,    3) (   4,    3)
          (   4,    3) (   4,    3) (   4,    3) (   4,    3) (   4,    3) (   4,    3) (   4,    3) (   4,    3) (   4,    3) (   4,    3)
          (   4,    3) (   4,    3) (   4,    3) (   4,    3) (   4,    3) (   4,    3) (   4,    3) (   4,    3) (   4,    3) (   4,    3)
          (   4,    3) (   4,    3) (   4,    3) (   4,    3) (   4,    3) (   4,    3) (   4,    3) (   4,    3) (   4,    3) (   4,    3)
          (   4,    3) (   4,    3) (   4,    3) (   4,    3) (   4,    3) (   4,    3) (   4,    3) (   4,    3) (   4,    3) (   4,    3)
          (   4,    3) (   4,    3) (   4,    3) (   4,    3) (   4,    3) (   4,    3) (   4,    3) (   4,    3) (   4,    3) (   4,    3)
          (   4,    3) (   4,    3) (   4,    3) (   4,    3) (   4,    3) (   4,    3) (   4,    3) (   4,    3) (   4,    3) (   4,    3)
          (   4,    3) (   4,    3) (   4,    3) (   4,    3) (   4,    3) (   4,    3) (   4,    3) (   4,    3) (   4,    3) (   4,    3)
          (   4,    3) (   4,    3) (   4,    3) (   4,    3) (   4,    3) (   4,    3) (   4,    3) (   4,    3) (   4,    3) (   4,    3)
          (   4,    3) (   4,    3) (   4,    3) (   4,    3) (   4,    3) (   4,    3) (   4,    3) (   4,    3) (   4,    3) (   4,    3)
          (   4,    3) (   4,    3) (   4,    3) (   4,    3) (   4,    3) (   4,    3) (   4,    3) (   4,    3) (   4,    3) (   4,    3)
          (   4,    3) (   4,    3) (   4,    3) (   4,    3) (   4,    3) (   4,    3) (   4,    3) (   4,    3) (   4,    3) (   4,    3)
          (   4,    3) (   4,    3) (   4,    3) (   4,    3) (   4,    3) (   4,    3) (   4,    3) (   4,    3) (   4,    3) (   4,    3)
          (   4,    3) (   4,    3) (   4,    3) (   4,    3) (   4,    3) (   4,    3) (   4,    3) (   4,    3) (   4,    3) (   4,    3)
          (   4,    3) (   4,    3) (   4,    3) (   4,    3) (   4,    3) (   4,    3) (   4,    3) (   4,    3) (   4,    3) (   4,    3)
          (   4,    3) (   4,    3) (   4,    3) (   4,    3) (   4,    3) (   4,    3) (   4,    3) (   4,    3) (   4,    3) (   4,    3)
          (   4,    3) (   4,    3) (   4,    3) (   4,    3) (   4,    3) (   4,    3) (   4,    3) (   4,    3) (   4,    3) (   4,    3)
          (   4,    3) (   4,    3) (   4,    3) (   4,    3) (   4,    3) (   4,    3) (   4,    3) (   4,    3) (   4,    3) (   4,    3)
          (   4,    3) (   4,    3) (   4,    3) (   4,    3) (   4,    3) (   4,    3) (   4,    3) (   4,    3) (   4,    3) (   4,    3)
          (   4,    3) (   4,    3) (   4,    3) (   4,    3) (   4,    3) (   4,    3) (   4,    3) (   4,    3) (   4,    3) (   4,    3)
          (   4,    3) (   4,    3) (   4,    3) (   4,    3) (   4,    3) (   4,    3) (   4,    3) (   4,    3) (   4,    3) (   4,    3)
          (   4,    3) (   4,    3) (   4,    3) (   4,    3) (   4,    3) (   4,    3) (   4,    3) (   4,    3) (   4,    3) (   4,    3)
          (   4,    3) (   4,    3) (   4,    3) (   4,    3) (   4,    3) (   4,    3) (   4,    3) (   4,    3) (   4,    3) (   4,    3)
          (   4,    3) (   4,    3) (   4,    3) (   4,    3) (   4,    3) (   4,    3) (   4,    3) (   4,    3) (   4,    3) (   4,    3)
          (   4,    3) (   4,    3) (   4,    3) (   4,    3) (   4,    3) (   4,    3) (   4,    3) (   4,    3) (   4,    3) (   4,    3)
          (   4,    3) (   4,    3) (   4,    3) (   4,    3) (   4,    3) (   4,    3) (   4,    3) (   4,    3) (   4,    3) (   4,    3)
          (   4,    3) (   4,    3) (   4,    3) (   4,    3) (   4,    3) (   4,    3) (   4,    3) (   4,    3) (   4,    3) (   4,    3)
          (   4,    3) (   4,    3) (   4,    3) (   4,    3) (   4,    3) (   4,    3) (   4,    3) (   4,    3) (   4,    3) (   4,    3)
          (   4,    3) (   4,    3) (   4,    3) (   4,    3) (   4,    3) (   4,    3) (   4,    3) (   4,    3) (   4,    3) (   4,    3)
          (   4,    3) (   4,    3) (   4,    3) (   4,    3) (   4,    3) (   4,    3) (   4,    3) (   4,    3) (   4,    3) (   4,    3)
          (   4,    3) (   4,    3) (   4,    3) (   4,    3) (   4,    3) (   4,    3) (   4,    3) (   4,    3) (   4,    3) (   4,    3)
          (   4,    3) (   4,    3) (   4,    3) (   4,    3) (   4,    3) (   4,    3) (   4,    3) (   4,    3) (   4,    3) (   4,    3)
          (   4,    3) (   4,    3) (   4,    3) (   4,    3) (   4,    3) (   4,    3) (   4,    3) (   4,    3) (   4,    3) (   4,    3)
          (   4,    3) (   4,    3) (   4,    3) (   4,    3) (   4,    3) (   4,    3) (   4,    3) (   4,    3) (   4,    3) (   4,    3)
          (   4,    3) (   4,    3) (   4,    3) (   4,    3) (   4,    3) (   4,    3) (   4,    3) (   4,    3) (   4,    3) (   4,    3)
          (   4,    3) (   4,    3) (   4,    3) (   4,    3) (   4,    3) (   4,    3) (   4,    3) (   4,    3) (   4,    3) (   4,    3)
          (   4,    3) (   4,    3) (   4,    3) (   4,    3) (   4,    3) (   4,    3) (   4,    3) (   4,    3) (   4,    3) (   4,    3)
          (   4,    3) (   4,    3) (   4,    3) (   4,    3) (   4,    3) (   4,    3) (   4,    3) (   4,    3) (   4,    3) (   4,    3)
          (   4,    3) (   4,    3) (   4,    3) (   4,    3) (   4,    3) (   4,    3) (   4,    3) (   4,    3) (   4,    3) (   4,    3)
         
node   1 sent_total   3223  recv_total   2401

node   2  (   1,    0) (   0,    0) (   4,    2) (   9,    5) (  23,   16) (  28,   45) (  12,   43) (  12,   25) (  24,   14) (   4,   40)
          (   4,    9) (   4,    9) (   7,   10) (  15,   12) (   8,   21) (   4,   14) (   4,    9) (   4,    9) (   4,    9) (   4,    9)
          (   7,   10) (  24,   14) (   4,   28) (   4,    9) (   4,    9) (   7,   10) (   8,    9) (   4,   13) (   4,    6) (   4,    6)
          (   4,    6) (   4,    4) (  12,    5) (   4,    3) (   4,    2) (   4,    1) (   4,    2) (   8,    7) (   4,    5) (   4,    3)
          (   4,    3) (   4,    3) (   8,    4) (  20,    8) (   4,   20) (   4,    4) (   4,    4) (   8,    5) (   4,    7) (   4,    4)
          (   4,    4) (   4,    4) (   4,    4) (   4,    4) (   4,    4) (   4,    4) (   4,    4) (   4,    4) (   4,    4) (   4,    4)
          (   4,    4) (   4,    4) (   4,    4) (   4,    4) (   4,    4) (   4,    4) (   4,    4) (   4,    4) (   4,    4) (   4,    4)
          (   4,    4) (   4,    4) (   4,    4) (   4,    4) (   4,    4) (   4,    4) (   4,    4) (   4,    4) (   4,    4) (   4,    4)
          (   4,    4) (   4,    4) (   4,    4) (   4,    4) (   4,    4) (   4,    4) (   4,    4) (   4,    4) (   4,    4) (   4,    4)
          (   4,    4) (   4,    4) (   4,    4) (   4,    4) (   4,    4) (   4,    4) (   4,    4) (   4,    4) (   4,    4) (   4,    4)
          (   4,    4) (   4,    4) (   4,    3) (   4,    3) (   4,    3) (   4,    3) (   6,    3) (   8,    4) (  32,   10) (   4,   29)
          (   4,    3) (   4,    3) (   4,    3) (   4,    3) (   4,    3) (   4,    3) (   4,    3) (   4,    3) (   4,    3) (   4,    3)
          (   4,    3) (   4,    3) (   4,    3) (   4,    3) (   4,    3) (   4,    3) (   4,    3) (   4,    3) (   4,    3) (   4,    3)
          (   4,    3) (   4,    3) (   4,    3) (   4,    3) (   4,    3) (   4,    3) (   4,    3) (   4,    3) (   4,    3) (   4,    3)
          (   4,    3) (   4,    3) (   4,    3) (   4,    3) (   4,    3) (   4,    3) (   4,    3) (   4,    3) (   4,    3) (   4,    3)
          (   4,    3) (   4,    3) (   4,    3) (   4,    3) (   4,    3) (   4,    3) (   4,    3) (   4,    3) (   4,    3) (   4,    3)
          (   4,    3) (   4,    3) (   4,    3) (   4,    3) (   4,    3) (   4,    3) (   4,    3) (   4,    3) (   4,    3) (   4,    3)
          (   4,    3) (   4,    3) (   4,    3) (   4,    3) (   4,    3) (   4,    3) (   4,    3) (   4,    3) (   4,    3) (   4,    3)
          (   4,    3) (   4,    3) (   4,    3) (   4,    3) (   4,    3) (   4,    3) (   4,    3) (   4,    3) (   4,    3) (   4,    3)
          (   4,    3) (   4,    3) (   4,    3) (   4,    3) (   4,    3) (   4,    3) (   4,    3) (   4,    3) (   4,    3) (   4,    3)
          (   4,    3) (   4,    3) (   4,    3) (   4,    3) (   4,    3) (   4,    3) (   4,    3) (   4,    3) (   4,    3) (   4,    3)
          (   4,    3) (   4,    3) (   4,    3) (   4,    3) (   4,    3) (   4,    3) (   4,    3) (   4,    3) (   4,    3) (   4,    3)
          (   4,    3) (   4,    3) (   4,    3) (   4,    3) (   4,    3) (   4,    3) (   4,    3) (   4,    3) (   4,    3) (   4,    3)
          (   4,    3) (   4,    3) (   4,    3) (   4,    3) (   4,    3) (   4,    3) (   4,    3) (   4,    3) (   4,    3) (   4,    3)
          (   4,    3) (   4,    3) (   4,    3) (   4,    3) (   4,    3) (   4,    3) (   4,    3) (   4,    3) (   4,    3) (   4,    3)
          (   4,    3) (   4,    3) (   4,    3) (   4,    3) (   4,    3) (   4,    3) (   4,    3) (   4,    3) (   4,    3) (   4,    3)
          (   4,    3) (   4,    3) (   4,    3) (   4,    3) (   4,    3) (   4,    3) (   4,    3) (   4,    3) (   4,    3) (   4,    3)
          (   4,    3) (   4,    3) (   4,    3) (   4,    3) (   4,    3) (   4,    3) (   4,    3) (   4,    3) (   4,    3) (   4,    3)
          (   4,    3) (   4,    3) (   4,    3) (   4,    3) (   4,    3) (   4,    3) (   4,    3) (   4,    3) (   4,    3) (   4,    3)
          (   4,    3) (   4,    3) (   4,    3) (   4,    3) (   4,    3) (   4,    3) (   4,    3) (   4,    3) (   4,    3) (   4,    3)
          (   4,    3) (   4,    3) (   4,    3) (   4,    3) (   4,    3) (   4,    3) (   4,    3) (   4,    3) (   4,    3) (   4,    3)
          (   4,    3) (   4,    3) (   4,    3) (   4,    3) (   4,    3) (   4,    3) (   4,    3) (   4,    3) (   4,    3) (   4,    3)
          (   4,    3) (   4,    3) (   4,    3) (   4,    3) (   4,    3) (   4,    3) (   4,    3) (   4,    3) (   4,    3) (   4,    3)
          (   4,    3) (   4,    3) (   4,    3) (   4,    3) (   4,    3) (   4,    3) (   4,    3) (   4,    3) (   4,    3) (   4,    3)
          (   4,    3) (   4,    3) (   4,    3) (   4,    3) (   4,    3) (   4,    3) (   4,    3) (   4,    3) (   4,    3) (   4,    3)
          (   4,    3) (   4,    3) (   4,    3) (   4,    3) (   4,    3) (   4,    3) (   4,    3) (   4,    3) (   4,    3) (   4,    3)
          (   4,    3) (   4,    3) (   4,    3) (   4,    3) (   4,    3) (   4,    3) (   4,    3) (   4,    3) (   4,    3) (   4,    3)
          (   4,    3) (   4,    3) (   4,    3) (   4,    3) (   4,    3) (   4,    3) (   4,    3) (   4,    3) (   4,    3) (   4,    3)
          (   4,    3) (   4,    3) (   4,    3) (   4,    3) (   4,    3) (   4,    3) (   4,    3) (   4,    3) (   4,    3) (   4,    3)
          (   4,    3) (   4,    3) (   4,    3) (   4,    3) (   4,    3) (   4,    3) (   4,    3) (   4,    3) (   4,    3) (   4,    3)
          (   4,    3) (   4,    3) (   4,    3) (   4,    3) (   4,    3) (   4,    3) (   4,    3) (   4,    3) (   4,    3) (   4,    3)
          (   4,    3) (   4,    3) (   4,    3) (   4,    3) (   4,    3) (   4,    3) (   4,    3) (   4,    3) (   4,    3) (   4,    3)
          (   4,    3) (   4,    3) (   4,    3) (   4,    3) (   4,    3) (   4,    3) (   4,    3) (   4,    3) (   4,    3) (   4,    3)
          (   4,    3) (   4,    3) (   4,    3) (   4,    3) (   4,    3) (   4,    3) (   4,    3) (   4,    3) (   4,    3) (   4,    3)
          (   4,    3) (   4,    3) (   4,    3) (   4,    3) (   4,    3) (   4,    3) (   4,    3) (   4,    3) (   4,    3) (   4,    3)
          (   4,    3) (   4,    3) (   4,    3) (   4,    3) (   4,    3) (   4,    3) (   4,    3) (   4,    3) (   4,    3) (   4,    3)
          (   4,    3) (   4,    3) (   4,    3) (   4,    3) (   4,    3) (   4,    3) (   4,    3) (   4,    3) (   4,    3) (   4,    3)
          (   4,    3) (   4,    3) (   4,    3) (   4,    3) (   4,    3) (   4,    3) (   4,    3) (   4,    3) (   4,    3) (   4,    3)
          (   4,    3) (   4,    3) (   4,    3) (   4,    3) (   4,    3) (   4,    3) (   4,    3) (   4,    3) (   4,    3) (   4,    3)
          (   4,    3) (   4,    3) (   4,    3) (   4,    3) (   4,    3) (   4,    3) (   4,    3) (   4,    3) (   4,    3) (   4,    3)
          (   4,    3) (   4,    3) (   4,    3) (   4,    3) (   4,    3) (   4,    3) (   4,    3) (   4,    3) (   4,    3) (   4,    3)
          (   4,    3) (   4,    3) (   4,    3) (   4,    3) (   4,    3) (   4,    3) (   4,    3) (   4,    3) (   4,    3) (   4,    3)
          (   4,    3) (   4,    3) (   4,    3) (   4,    3) (   4,    3) (   4,    3) (   4,    3) (   4,    3) (   4,    3) (   4,    3)
          (   4,    3) (   4,    3) (   4,    3) (   4,    3) (   4,    3) (   4,    3) (   4,    3) (   4,    3) (   4,    3) (   4,    3)
          (   4,    3) (   4,    3) (   4,    3) (   4,    3) (   4,    3) (   4,    3) (   4,    3) (   4,    3) (   4,    3) (   4,    3)
          (   4,    3) (   4,    3) (   4,    3) (   4,    3) (   4,    3) (   4,    3) (   4,    3) (   4,    3) (   4,    3) (   4,    3)
          (   4,    3) (   4,    3) (   4,    3) (   4,    3) (   4,    3) (   4,    3) (   4,    3) (   4,    3) (   4,    3) (   4,    3)
          (   4,    3) (   4,    3) (   4,    3) (   4,    3) (   4,    3) (   4,    3) (   4,    3) (   4,    3) (   4,    3) (   4,    3)
          (   4,    3) (   4,    3) (   4,    3) (   4,    3) (   4,    3) (   4,    3) (   4,    3) (   4,    3) (   4,    3) (   4,    3)
          (   4,    3) (   4,    3) (   4,    3) (   4,    3) (   4,    3) (   4,    3) (   4,    3) (   4,    3) (   4,    3) (   4,    3)
          (   4,    3) (   4,    3) (   4,    3) (   4,    3) (   4,    3) (   4,    3) (   4,    3) (   4,    3) (   4,    3) (   4,    3)
          (   4,    3) (   4,    3) (   4,    3) (   4,    3) (   4,    3) (   4,    3) (   4,    3) (   4,    3) (   4,    3) (   4,    3)
          (   4,    3) (   4,    3) (   4,    3) (   4,    3) (   4,    3) (   4,    3) (   4,    3) (   4,    3) (   4,    3) (   4,    3)
          (   4,    3) (   4,    3) (   4,    3) (   4,    3) (   4,    3) (   4,    3) (   4,    3) (   4,    3) (   4,    3) (   4,    3)
          (   4,    3) (   4,    3) (   4,    3) (   4,    3) (   4,    3) (   4,    3) (   4,    3) (   4,    3) (   4,    3) (   4,    3)
          (   4,    3) (   4,    3) (   4,    3) (   4,    3) (   4,    3) (   4,    3) (   4,    3) (   4,    3) (   4,    3) (   4,    3)
          (   4,    3) (   4,    3) (   4,    3) (   4,    3) (   4,    3) (   4,    3) (   4,    3) (   4,    3) (   4,    3) (   4,    3)
          (   4,    3) (   4,    3) (   4,    3) (   4,    3) (   4,    3) (   4,    3) (   4,    3) (   4,    3) (   4,    3) (   4,    3)
          (   4,    3) (   4,    3) (   4,    3) (   4,    3) (   4,    3) (   4,    3) (   4,    3) (   4,    3) (   4,    3) (   4,    3)
          (   4,    3) (   4,    3) (   4,    3) (   4,    3) (   4,    3) (   4,    3) (   4,    3) (   4,    3) (   4,    3) (   4,    3)
         
node   2 sent_total   2995  recv_total   2551

node   3  (   1,    0) (   0,    0) (   6,    2) (   6,    4) (  29,   17) (  24,   43) (  12,   44) (  12,   25) (  24,   14) (   4,   40)
          (   4,    9) (   4,    9) (   4,    8) (   4,    5) (   4,    2) (   4,    2) (   4,    1) (   4,    1) (   4,    1) (   4,    1)
          (   4,    1) (   8,    3) (   4,   11) (   4,    2) (   4,    2) (   4,    2) (  11,    4) (   7,    5) (   4,    2) (   4,    2)
          (   4,    2) (   4,    2) (   8,    4) (   7,   18) (   4,    4) (   4,    3) (   4,    3) (   4,    6) (   4,    5) (   4,    3)
          (   4,    3) (   6,    3) (   8,    4) (  20,    7) (   4,   15) (   4,    3) (   4,    3) (   4,    3) (   4,    5) (   4,    3)
          (   4,    3) (   4,    3) (   4,    3) (   4,    3) (   4,    3) (   4,    3) (   4,    3) (   4,    3) (   4,    3) (   4,    3)
          (   4,    3) (   4,    3) (   4,    3) (   4,    3) (   4,    3) (   4,    3) (   4,    3) (   4,    3) (   4,    3) (   4,    3)
          (   4,    3) (   4,    3) (   4,    3) (   4,    3) (   4,    3) (   4,    3) (   4,    3) (   4,    3) (   4,    3) (   4,    3)
          (   4,    3) (   4,    3) (   4,    3) (   4,    3) (   4,    3) (   4,    3) (   4,    3) (   4,    3) (   4,    3) (   4,    3)
          (   4,    3) (   4,    3) (   4,    3) (   4,    3) (   4,    3) (   4,    3) (   4,    3) (   4,    3) (   4,    3) (   4,    3)
          (   4,    3) (   4,    3) (   4,    3) (   4,    3) (   4,    3) (   4,    3) (   4,    3) (  12,    5) (  28,    9) (   4,   30)
          (   4,    3) (   4,    3) (   4,    3) (   4,    3) (   4,    3) (   4,    3) (   4,    3) (   4,    3) (   4,    3) (   4,    3)
          (   4,    3) (   4,    3) (   4,    3) (   4,    3) (   4,    3) (   4,    3) (   4,    3) (   4,    3) (   4,    3) (   4,    3)
          (   4,    3) (   4,    3) (   4,    3) (   4,    3) (   4,    3) (   4,    3) (   4,    3) (   4,    3) (   4,    3) (   4,    3)
          (   4,    3) (   4,    3) (   4,    3) (   4,    3) (   4,    3) (   4,    3) (   4,    3) (   4,    3) (   4,    3) (   4,    3)
          (   4,    3) (   4,    3) (   4,    3) (   4,    3) (   4,    3) (   4,    3) (   4,    3) (   4,    3) (   4,    3) (   4,    3)
          (   4,    3) (   4,    3) (   4,    3) (   4,    3) (   4,    3) (   4,    3) (   4,    3) (   4,    3) (   4,    3) (   4,    3)
          (   4,    3) (   4,    3) (   4,    3) (   4,    3) (   4,    3) (   4,    3) (   4,    3) (   4,    3) (   4,    3) (   4,    3)
          (   4,    3) (   4,    3) (   4,    3) (   4,    3) (   4,    3) (   4,    3) (   4,    3) (   4,    3) (   4,    3) (   4,    3)
          (   4,    3) (   4,    3) (   4,    3) (   4,    3) (   4,    3) (   4,    3) (   4,    3) (   4,    3) (   4,    3) (   4,    3)
          (   4,    3) (   4,    3) (   4,    3) (   4,    3) (   4,    3) (   4,    3) (   4,    3) (   4,    3) (   4,    3) (   4,    3)
          (   4,    3) (   4,    3) (   4,    3) (   4,    3) (   4,    3) (   4,    3) (   4,    3) (   4,    3) (   4,    3) (   4,    3)
          (   4,    3) (   4,    3) (   4,    3) (   4,    3) (   4,    3) (   4,    3) (   4,    3) (   4,    3) (   4,    3) (   4,    3)
          (   4,    3) (   4,    3) (   4,    3) (   4,    3) (   4,    3) (   4,    3) (   4,    3) (   4,    3) (   4,    3) (   4,    3)
          (   4,    3) (   4,    3) (   4,    3) (   4,    3) (   4,    3) (   4,    3) (   4,    3) (   4,    3) (   4,    3) (   4,    3)
          (   4,    3) (   4,    3) (   4,    3) (   4,    3) (   4,    3) (   4,    3) (   4,    3) (   4,    3) (   4,    3) (   4,    3)
          (   4,    3) (   4,    3) (   4,    3) (   4,    3) (   4,    3) (   4,    3) (   4,    3) (   4,    3) (   4,    3) (   4,    3)
          (   4,    3) (   4,    3) (   4,    3) (   4,    3) (   4,    3) (   4,    3) (   4,    3) (   4,    3) (   4,    3) (   4,    3)
          (   4,    3) (   4,    3) (   4,    3) (   4,    3) (   4,    3) (   4,    3) (   4,    3) (   4,    3) (   4,    3) (   4,    3)
          (   4,    3) (   4,    3) (   4,    3) (   4,    3) (   4,    3) (   4,    3) (   4,    3) (   4,    3) (   4,    3) (   4,    3)
          (   4,    3) (   4,    3) (   4,    3) (   4,    3) (   4,    3) (   4,    3) (   4,    3) (   4,    3) (   4,    3) (   4,    3)
          (   4,    3) (   4,    3) (   4,    3) (   4,    3) (   4,    3) (   4,    3) (   4,    3) (   4,    3) (   4,    3) (   4,    3)
          (   4,    3) (   4,    3) (   4,    3) (   4,    3) (   4,    3) (   4,    3) (   4,    3) (   4,    3) (   4,    3) (   4,    3)
          (   4,    3) (   4,    3) (   4,    3) (   4,    3) (   4,    3) (   4,    3) (   4,    3) (   4,    3) (   4,    3) (   4,    3)
          (   4,    3) (   4,    3) (   4,    3) (   4,    3) (   4,    3) (   4,    3) (   4,    3) (   4,    3) (   4,    3) (   4,    3)
          (   4,    3) (   4,    3) (   4,    3) (   4,    3) (   4,    3) (   4,    3) (   4,    3) (   4,    3) (   4,    3) (   4,    3)
          (   4,    3) (   4,    3) (   4,    3) (   4,    3) (   4,    3) (   4,    3) (   4,    3) (   4,    3) (   4,    3) (   4,    3)
          (   4,    3) (   4,    3) (   4,    3) (   4,    3) (   4,    3) (   4,    3) (   4,    3) (   4,    3) (   4,    3) (   4,    3)
          (   4,    3) (   4,    3) (   4,    3) (   4,    3) (   4,    3) (   4,    3) (   4,    3) (   4,    3) (   4,    3) (   4,    3)
          (   4,    3) (   4,    3) (   4,    3) (   4,    3) (   4,    3) (   4,    3) (   4,    3) (   4,    3) (   4,    3) (   4,    3)
          (   4,    3) (   4,    3) (   4,    3) (   4,    3) (   4,    3) (   4,    3) (   4,    3) (   4,    3) (   4,    3) (   4,    3)
          (   4,    3) (   4,    3) (   4,    3) (   4,    3) (   4,    3) (   4,    3) (   4,    3) (   4,    3) (   4,    3) (   4,    3)
          (   4,    3) (   4,    3) (   4,    3) (   4,    3) (   4,    3) (   4,    3) (   4,    3) (   4,    3) (   4,    3) (   4,    3)
          (   4,    3) (   4,    3) (   4,    3) (   4,    3) (   4,    3) (   4,    3) (   4,    3) (   4,    3) (   4,    3) (   4,    3)
          (   4,    3) (   4,    3) (   4,    3) (   4,    3) (   4,    3) (   4,    3) (   4,    3) (   4,    3) (   4,    3) (   4,    3)
          (   4,    3) (   4,    3) (   4,    3) (   4,    3) (   4,    3) (   4,    3) (   4,    3) (   4,    3) (   4,    3) (   4,    3)
          (   4,    3) (   4,    3) (   4,    3) (   4,    3) (   4,    3) (   4,    3) (   4,    3) (   4,    3) (   4,    3) (   4,    3)
          (   4,    3) (   4,    3) (   4,    3) (   4,    3) (   4,    3) (   4,    3) (   4,    3) (   4,    3) (   4,    3) (   4,    3)
          (   4,    3) (   4,    3) (   4,    3) (   4,    3) (   4,    3) (   4,    3) (   4,    3) (   4,    3) (   4,    3) (   4,    3)
          (   4,    3) (   4,    3) (   4,    3) (   4,    3) (   4,    3) (   4,    3) (   4,    3) (   4,    3) (   4,    3) (   4,    3)
          (   4,    3) (   4,    3) (   4,    3) (   4,    3) (   4,    3) (   4,    3) (   4,    3) (   4,    3) (   4,    3) (   4,    3)
          (   4,    3) (   4,    3) (   4,    3) (   4,    3) (   4,    3) (   4,    3) (   4,    3) (   4,    3) (   4,    3) (   4,    3)
          (   4,    3) (   4,    3) (   4,    3) (   4,    3) (   4,    3) (   4,    3) (   4,    3) (   4,    3) (   4,    3) (   4,    3)
          (   4,    3) (   4,    3) (   4,    3) (   4,    3) (   4,    3) (   4,    3) (   4,    3) (   4,    3) (   4,    3) (   4,    3)
          (   4,    3) (   4,    3) (   4,    3) (   4,    3) (   4,    3) (   4,    3) (   4,    3) (   4,    3) (   4,    3) (   4,    3)
          (   4,    3) (   4,    3) (   4,    3) (   4,    3) (   4,    3) (   4,    3) (   4,    3) (   4,    3) (   4,    3) (   4,    3)
          (   4,    3) (   4,    3) (   4,    3) (   4,    3) (   4,    3) (   4,    3) (   4,    3) (   4,    3) (   4,    3) (   4,    3)
          (   4,    3) (   4,    3) (   4,    3) (   4,    3) (   4,    3) (   4,    3) (   4,    3) (   4,    3) (   4,    3) (   4,    3)
          (   4,    3) (   4,    3) (   4,    3) (   4,    3) (   4,    3) (   4,    3) (   4,    3) (   4,    3) (   4,    3) (   4,    3)
          (   4,    3) (   4,    3) (   4,    3) (   4,    3) (   4,    3) (   4,    3) (   4,    3) (   4,    3) (   4,    3) (   4,    3)
          (   4,    3) (   4,    3) (   4,    3) (   4,    3) (   4,    3) (   4,    3) (   4,    3) (   4,    3) (   4,    3) (   4,    3)
          (   4,    3) (   4,    3) (   4,    3) (   4,    3) (   4,    3) (   4,    3) (   4,    3) (   4,    3) (   4,    3) (   4,    3)
          (   4,    3) (   4,    3) (   4,    3) (   4,    3) (   4,    3) (   4,    3) (   4,    3) (   4,    3) (   4,    3) (   4,    3)
          (   4,    3) (   4,    3) (   4,    3) (   4,    3) (   4,    3) (   4,    3) (   4,    3) (   4,    3) (   4,    3) (   4,    3)
          (   4,    3) (   4,    3) (   4,    3) (   4,    3) (   4,    3) (   4,    3) (   4,    3) (   4,    3) (   4,    3) (   4,    3)
          (   4,    3) (   4,    3) (   4,    3) (   4,    3) (   4,    3) (   4,    3) (   4,    3) (   4,    3) (   4,    3) (   4,    3)
          (   4,    3) (   4,    3) (   4,    3) (   4,    3) (   4,    3) (   4,    3) (   4,    3) (   4,    3) (   4,    3) (   4,    3)
          (   4,    3) (   4,    3) (   4,    3) (   4,    3) (   4,    3) (   4,    3) (   4,    3) (   4,    3) (   4,    3) (   4,    3)
          (   4,    3) (   4,    3) (   4,    3) (   4,    3) (   4,    3) (   4,    3) (   4,    3) (   4,    3) (   4,    3) (   4,    3)
          (   4,    3) (   4,    3) (   4,    3) (   4,    3) (   4,    3) (   4,    3) (   4,    3) (   4,    3) (   4,    3) (   4,    3)
         
node   3 sent_total   2953  recv_total   2346

node   4  (   1,    0) (   0,    0) (   6,    2) (   6,    4) (  32,   12) (  24,   26) (  12,   29) (   4,   13) (  28,   13) (   4,   35)
          (   4,    8) (   4,    8) (   4,    8) (  15,   11) (  10,   21) (   4,   13) (   4,    9) (   4,    9) (   4,    9) (   4,    9)
          (   8,   10) (  24,   14) (   4,   28) (   4,    9) (   4,    9) (   4,    8) (   4,    6) (   4,    4) (   4,    5) (   4,    4)
          (   4,    4) (  11,    4) (  16,    4) (   4,    0) (   6,    0) (   4,    0) (   4,    1) (   7,    4) (   4,    5) (   4,    3)
          (   4,    3) (   4,    3) (   4,    3) (   8,    4) (   4,   10) (   4,    3) (   4,    3) (  16,    7) (   4,   10) (   4,    4)
          (   4,    4) (   4,    4) (   4,    4) (   4,    4) (   4,    4) (   4,    4) (   4,    4) (   4,    4) (   4,    4) (   4,    4)
          (   4,    4) (   4,    4) (   4,    4) (   4,    4) (   4,    4) (   4,    4) (   4,    4) (   4,    4) (   4,    4) (   4,    4)
          (   4,    4) (   4,    4) (   4,    4) (   4,    4) (   4,    4) (   4,    4) (   4,    4) (   4,    4) (   4,    4) (   4,    4)
          (   4,    4) (   4,    4) (   4,    4) (   4,    4) (   4,    4) (   4,    4) (   4,    4) (   4,    4) (   4,    4) (   4,    4)
          (   4,    4) (   4,    4) (   4,    4) (   4,    4) (   4,    4) (   4,    4) (   4,    4) (   4,    4) (   4,    4) (   4,    4)
          (   4,    4) (   4,    4) (   4,    3) (   4,    3) (   4,    3) (   4,    3) (   6,    3) (  16,    6) (  32,   10) (   4,   33)
          (   4,    3) (   4,    3) (   4,    3) (   4,    3) (   4,    3) (   4,    3) (   4,    3) (   4,    3) (   4,    3) (   4,    3)
          (   4,    3) (   4,    3) (   4,    3) (   4,    3) (   4,    3) (   4,    3) (   4,    3) (   4,    3) (   4,    3) (   4,    3)
          (   4,    3) (   4,    3) (   4,    3) (   4,    3) (   4,    3) (   4,    3) (   4,    3) (   4,    3) (   4,    3) (   4,    3)
          (   4,    3) (   4,    3) (   4,    3) (   4,    3) (   4,    3) (   4,    3) (   4,    3) (   4,    3) (   4,    3) (   4,    3)
          (   4,    3) (   4,    3) (   4,    3) (   4,    3) (   4,    3) (   4,    3) (   4,    3) (   4,    3) (   4,    3) (   4,    3)
          (   4,    3) (   4,    3) (   4,    3) (   4,    3) (   4,    3) (   4,    3) (   4,    3) (   4,    3) (   4,    3) (   4,    3)
          (   4,    3) (   4,    3) (   4,    3) (   4,    3) (   4,    3) (   4,    3) (   4,    3) (   4,    3) (   4,    3) (   4,    3)
          (   4,    3) (   4,    3) (   4,    3) (   4,    3) (   4,    3) (   4,    3) (   4,    3) (   4,    3) (   4,    3) (   4,    3)
          (   4,    3) (   4,    3) (   4,    3) (   4,    3) (   4,    3) (   4,    3) (   4,    3) (   4,    3) (   4,    3) (   4,    3)
          (   4,    3) (   4,    3) (   4,    3) (   4,    3) (   4,    3) (   4,    3) (   4,    3) (   4,    3) (   4,    3) (   4,    3)
          (   4,    3) (   4,    3) (   4,    3) (   4,    3) (   4,    3) (   4,    3) (   4,    3) (   4,    3) (   4,    3) (   4,    3)
          (   4,    3) (   4,    3) (   4,    3) (   4,    3) (   4,    3) (   4,    3) (   4,    3) (   4,    3) (   4,    3) (   4,    3)
          (   4,    3) (   4,    3) (   4,    3) (   4,    3) (   4,    3) (   4,    3) (   4,    3) (   4,    3) (   4,    3) (   4,    3)
          (   4,    3) (   4,    3) (   4,    3) (   4,    3) (   4,    3) (   4,    3) (   4,    3) (   4,    3) (   4,    3) (   4,    3)
          (   4,    3) (   4,    3) (   4,    3) (   4,    3) (   4,    3) (   4,    3) (   4,    3) (   4,    3) (   4,    3) (   4,    3)
          (   4,    3) (   4,    3) (   4,    3) (   4,    3) (   4,    3) (   4,    3) (   4,    3) (   4,    3) (   4,    3) (   4,    3)
          (   4,    3) (   4,    3) (   4,    3) (   4,    3) (   4,    3) (   4,    3) (   4,    3) (   4,    3) (   4,    3) (   4,    3)
          (   4,    3) (   4,    3) (   4,    3) (   4,    3) (   4,    3) (   4,    3) (   4,    3) (   4,    3) (   4,    3) (   4,    3)
          (   4,    3) (   4,    3) (   4,    3) (   4,    3) (   4,    3) (   4,    3) (   4,    3) (   4,    3) (   4,    3) (   4,    3)
          (   4,    3) (   4,    3) (   4,    3) (   4,    3) (   4,    3) (   4,    3) (   4,    3) (   4,    3) (   4,    3) (   4,    3)
          (   4,    3) (   4,    3) (   4,    3) (   4,    3) (   4,    3) (   4,    3) (   4,    3) (   4,    3) (   4,    3) (   4,    3)
          (   4,    3) (   4,    3) (   4,    3) (   4,    3) (   4,    3) (   4,    3) (   4,    3) (   4,    3) (   4,    3) (   4,    3)
          (   4,    3) (   4,    3) (   4,    3) (   4,    3) (   4,    3) (   4,    3) (   4,    3) (   4,    3) (   4,    3) (   4,    3)
          (   4,    3) (   4,    3) (   4,    3) (   4,    3) (   4,    3) (   4,    3) (   4,    3) (   4,    3) (   4,    3) (   4,    3)
          (   4,    3) (   4,    3) (   4,    3) (   4,    3) (   4,    3) (   4,    3) (   4,    3) (   4,    3) (   4,    3) (   4,    3)
          (   4,    3) (   4,    3) (   4,    3) (   4,    3) (   4,    3) (   4,    3) (   4,    3) (   4,    3) (   4,    3) (   4,    3)
          (   4,    3) (   4,    3) (   4,    3) (   4,    3) (   4,    3) (   4,    3) (   4,    3) (   4,    3) (   4,    3) (   4,    3)
          (   4,    3) (   4,    3) (   4,    3) (   4,    3) (   4,    3) (   4,    3) (   4,    3) (   4,    3) (   4,    3) (   4,    3)
          (   4,    3) (   4,    3) (   4,    3) (   4,    3) (   4,    3) (   4,    3) (   4,    3) (   4,    3) (   4,    3) (   4,    3)
          (   4,    3) (   4,    3) (   4,    3) (   4,    3) (   4,    3) (   4,    3) (   4,    3) (   4,    3) (   4,    3) (   4,    3)
          (   4,    3) (   4,    3) (   4,    3) (   4,    3) (   4,    3) (   4,    3) (   4,    3) (   4,    3) (   4,    3) (   4,    3)
          (   4,    3) (   4,    3) (   4,    3) (   4,    3) (   4,    3) (   4,    3) (   4,    3) (   4,    3) (   4,    3) (   4,    3)
          (   4,    3) (   4,    3) (   4,    3) (   4,    3) (   4,    3) (   4,    3) (   4,    3) (   4,    3) (   4,    3) (   4,    3)
          (   4,    3) (   4,    3) (   4,    3) (   4,    3) (   4,    3) (   4,    3) (   4,    3) (   4,    3) (   4,    3) (   4,    3)
          (   4,    3) (   4,    3) (   4,    3) (   4,    3) (   4,    3) (   4,    3) (   4,    3) (   4,    3) (   4,    3) (   4,    3)
          (   4,    3) (   4,    3) (   4,    3) (   4,    3) (   4,    3) (   4,    3) (   4,    3) (   4,    3) (   4,    3) (   4,    3)
          (   4,    3) (   4,    3) (   4,    3) (   4,    3) (   4,    3) (   4,    3) (   4,    3) (   4,    3) (   4,    3) (   4,    3)
          (   4,    3) (   4,    3) (   4,    3) (   4,    3) (   4,    3) (   4,    3) (   4,    3) (   4,    3) (   4,    3) (   4,    3)
          (   4,    3) (   4,    3) (   4,    3) (   4,    3) (   4,    3) (   4,    3) (   4,    3) (   4,    3) (   4,    3) (   4,    3)
          (   4,    3) (   4,    3) (   4,    3) (   4,    3) (   4,    3) (   4,    3) (   4,    3) (   4,    3) (   4,    3) (   4,    3)
          (   4,    3) (   4,    3) (   4,    3) (   4,    3) (   4,    3) (   4,    3) (   4,    3) (   4,    3) (   4,    3) (   4,    3)
          (   4,    3) (   4,    3) (   4,    3) (   4,    3) (   4,    3) (   4,    3) (   4,    3) (   4,    3) (   4,    3) (   4,    3)
          (   4,    3) (   4,    3) (   4,    3) (   4,    3) (   4,    3) (   4,    3) (   4,    3) (   4,    3) (   4,    3) (   4,    3)
          (   4,    3) (   4,    3) (   4,    3) (   4,    3) (   4,    3) (   4,    3) (   4,    3) (   4,    3) (   4,    3) (   4,    3)
          (   4,    3) (   4,    3) (   4,    3) (   4,    3) (   4,    3) (   4,    3) (   4,    3) (   4,    3) (   4,    3) (   4,    3)
          (   4,    3) (   4,    3) (   4,    3) (   4,    3) (   4,    3) (   4,    3) (   4,    3) (   4,    3) (   4,    3) (   4,    3)
          (   4,    3) (   4,    3) (   4,    3) (   4,    3) (   4,    3) (   4,    3) (   4,    3) (   4,    3) (   4,    3) (   4,    3)
          (   4,    3) (   4,    3) (   4,    3) (   4,    3) (   4,    3) (   4,    3) (   4,    3) (   4,    3) (   4,    3) (   4,    3)
          (   4,    3) (   4,    3) (   4,    3) (   4,    3) (   4,    3) (   4,    3) (   4,    3) (   4,    3) (   4,    3) (   4,    3)
          (   4,    3) (   4,    3) (   4,    3) (   4,    3) (   4,    3) (   4,    3) (   4,    3) (   4,    3) (   4,    3) (   4,    3)
          (   4,    3) (   4,    3) (   4,    3) (   4,    3) (   4,    3) (   4,    3) (   4,    3) (   4,    3) (   4,    3) (   4,    3)
          (   4,    3) (   4,    3) (   4,    3) (   4,    3) (   4,    3) (   4,    3) (   4,    3) (   4,    3) (   4,    3) (   4,    3)
          (   4,    3) (   4,    3) (   4,    3) (   4,    3) (   4,    3) (   4,    3) (   4,    3) (   4,    3) (   4,    3) (   4,    3)
          (   4,    3) (   4,    3) (   4,    3) (   4,    3) (   4,    3) (   4,    3) (   4,    3) (   4,    3) (   4,    3) (   4,    3)
          (   4,    3) (   4,    3) (   4,    3) (   4,    3) (   4,    3) (   4,    3) (   4,    3) (   4,    3) (   4,    3) (   4,    3)
          (   4,    3) (   4,    3) (   4,    3) (   4,    3) (   4,    3) (   4,    3) (   4,    3) (   4,    3) (   4,    3) (   4,    3)
          (   4,    3) (   4,    3) (   4,    3) (   4,    3) (   4,    3) (   4,    3) (   4,    3) (   4,    3) (   4,    3) (   4,    3)
          (   4,    3) (   4,    3) (   4,    3) (   4,    3) (   4,    3) (   4,    3) (   4,    3) (   4,    3) (   4,    3) (   4,    3)
          (   4,    3) (   4,    3) (   4,    3) (   4,    3) (   4,    3) (   4,    3) (   4,    3) (   4,    3) (   4,    3) (   4,    3)
         
node   4 sent_total   3000  recv_total   2453

node   5  (   0,    0) (   1,    0) (   0,    0) (   6,    2) (  20,    7) (   8,   12) (   4,   20) (   8,   11) (   8,    2) (   4,    1)
          (   4,    0) (   6,    0) (   4,    0) (   4,    1) (   6,    3) (   4,    1) (   4,    1) (   4,    1) (   4,    1) (   4,    1)
          (   4,    1) (   8,    2) (   4,    1) (   4,    1) (   4,    1) (   4,    1) (   4,    1) (   4,    1) (   4,    1) (   4,    1)
          (   7,    1) (   6,    2) (   9,    3) (   4,    7) (   4,    3) (   4,    2) (   9,    4) (   7,    8) (   4,    5) (   4,    3)
          (   4,    3) (   4,    3) (   4,    3) (   8,    4) (   4,    6) (   4,    3) (   8,    4) (   8,    4) (   4,   11) (   4,    4)
          (   4,    4) (   4,    4) (   4,    4) (   4,    4) (   4,    4) (   4,    4) (   4,    4) (   4,    4) (   4,    4) (   4,    4)
          (   4,    4) (   4,    4) (   4,    4) (   4,    4) (   4,    4) (   4,    4) (   4,    4) (   4,    4) (   4,    4) (   4,    4)
          (   4,    4) (   4,    4) (   4,    4) (   4,    4) (   4,    4) (   4,    4) (   4,    4) (   4,    4) (   4,    4) (   4,    4)
          (   4,    4) (   4,    4) (   4,    4) (   4,    4) (   4,    4) (   4,    4) (   4,    4) (   4,    4) (   4,    4) (   4,    4)
          (   4,    4) (   4,    4) (   4,    4) (   4,    4) (   4,    4) (   4,    4) (   4,    4) (   4,    4) (   4,    4) (   4,    4)
          (   4,    4) (   4,    4) (   4,    3) (   4,    3) (   4,    3) (   4,    3) (   6,    3) (  16,    6) (  32,   10) (   4,   33)
          (   4,    3) (   4,    3) (   4,    3) (   4,    3) (   4,    3) (   4,    3) (   4,    3) (   4,    3) (   4,    3) (   4,    3)
          (   4,    3) (   4,    3) (   4,    3) (   4,    3) (   4,    3) (   4,    3) (   4,    3) (   4,    3) (   4,    3) (   4,    3)
          (   4,    3) (   4,    3) (   4,    3) (   4,    3) (   4,    3) (   4,    3) (   4,    3) (   4,    3) (   4,    3) (   4,    3)
          (   4,    3) (   4,    3) (   4,    3) (   4,    3) (   4,    3) (   4,    3) (   4,    3) (   4,    3) (   4,    3) (   4,    3)
          (   4,    3) (   4,    3) (   4,    3) (   4,    3) (   4,    3) (   4,    3) (   4,    3) (   4,    3) (   4,    3) (   4,    3)
          (   4,    3) (   4,    3) (   4,    3) (   4,    3) (   4,    3) (   4,    3) (   4,    3) (   4,    3) (   4,    3) (   4,    3)
          (   4,    3) (   4,    3) (   4,    3) (   4,    3) (   4,    3) (   4,    3) (   4,    3) (   4,    3) (   4,    3) (   4,    3)
          (   4,    3) (   4,    3) (   4,    3) (   4,    3) (   4,    3) (   4,    3) (   4,    3) (   4,    3) (   4,    3) (   4,    3)
          (   4,    3) (   4,    3) (   4,    3) (   4,    3) (   4,    3) (   4,    3) (   4,    3) (   4,    3) (   4,    3) (   4,    3)
          (   4,    3) (   4,    3) (   4,    3) (   4,    3) (   4,    3) (   4,    3) (   4,    3) (   4,    3) (   4,    3) (   4,    3)
          (   4,    3) (   4,    3) (   4,    3) (   4,    3) (   4,    3) (   4,    3) (   4,    3) (   4,    3) (   4,    3) (   4,    3)
          (   4,    3) (   4,    3) (   4,    3) (   4,    3) (   4,    3) (   4,    3) (   4,    3) (   4,    3) (   4,    3) (   4,    3)
          (   4,    3) (   4,    3) (   4,    3) (   4,    3) (   4,    3) (   4,    3) (   4,    3) (   4,    3) (   4,    3) (   4,    3)
          (   4,    3) (   4,    3) (   4,    3) (   4,    3) (   4,    3) (   4,    3) (   4,    3) (   4,    3) (   4,    3) (   4,    3)
          (   4,    3) (   4,    3) (   4,    3) (   4,    3) (   4,    3) (   4,    3) (   4,    3) (   4,    3) (   4,    3) (   4,    3)
          (   4,    3) (   4,    3) (   4,    3) (   4,    3) (   4,    3) (   4,    3) (   4,    3) (   4,    3) (   4,    3) (   4,    3)
          (   4,    3) (   4,    3) (   4,    3) (   4,    3) (   4,    3) (   4,    3) (   4,    3) (   4,    3) (   4,    3) (   4,    3)
          (   4,    3) (   4,    3) (   4,    3) (   4,    3) (   4,    3) (   4,    3) (   4,    3) (   4,    3) (   4,    3) (   4,    3)
          (   4,    3) (   4,    3) (   4,    3) (   4,    3) (   4,    3) (   4,    3) (   4,    3) (   4,    3) (   4,    3) (   4,    3)
          (   4,    3) (   4,    3) (   4,    3) (   4,    3) (   4,    3) (   4,    3) (   4,    3) (   4,    3) (   4,    3) (   4,    3)
          (   4,    3) (   4,    3) (   4,    3) (   4,    3) (   4,    3) (   4,    3) (   4,    3) (   4,    3) (   4,    3) (   4,    3)
          (   4,    3) (   4,    3) (   4,    3) (   4,    3) (   4,    3) (   4,    3) (   4,    3) (   4,    3) (   4,    3) (   4,    3)
          (   4,    3) (   4,    3) (   4,    3) (   4,    3) (   4,    3) (   4,    3) (   4,    3) (   4,    3) (   4,    3) (   4,    3)
          (   4,    3) (   4,    3) (   4,    3) (   4,    3) (   4,    3) (   4,    3) (   4,    3) (   4,    3) (   4,    3) (   4,    3)
          (   4,    3) (   4,    3) (   4,    3) (   4,    3) (   4,    3) (   4,    3) (   4,    3) (   4,    3) (   4,    3) (   4,    3)
          (   4,    3) (   4,    3) (   4,    3) (   4,    3) (   4,    3) (   4,    3) (   4,    3) (   4,    3) (   4,    3) (   4,    3)
          (   4,    3) (   4,    3) (   4,    3) (   4,    3) (   4,    3) (   4,    3) (   4,    3) (   4,    3) (   4,    3) (   4,    3)
          (   4,    3) (   4,    3) (   4,    3) (   4,    3) (   4,    3) (   4,    3) (   4,    3) (   4,    3) (   4,    3) (   4,    3)
          (   4,    3) (   4,    3) (   4,    3) (   4,    3) (   4,    3) (   4,    3) (   4,    3) (   4,    3) (   4,    3) (   4,    3)
          (   4,    3) (   4,    3) (   4,    3) (   4,    3) (   4,    3) (   4,    3) (   4,    3) (   4,    3) (   4,    3) (   4,    3)
          (   4,    3) (   4,    3) (   4,    3) (   4,    3) (   4,    3) (   4,    3) (   4,    3) (   4,    3) (   4,    3) (   4,    3)
          (   4,    3) (   4,    3) (   4,    3) (   4,    3) (   4,    3) (   4,    3) (   4,    3) (   4,    3) (   4,    3) (   4,    3)
          (   4,    3) (   4,    3) (   4,    3) (   4,    3) (   4,    3) (   4,    3) (   4,    3) (   4,    3) (   4,    3) (   4,    3)
          (   4,    3) (   4,    3) (   4,    3) (   4,    3) (   4,    3) (   4,    3) (   4,    3) (   4,    3) (   4,    3) (   4,    3)
          (   4,    3) (   4,    3) (   4,    3) (   4,    3) (   4,    3) (   4,    3) (   4,    3) (   4,    3) (   4,    3) (   4,    3)
          (   4,    3) (   4,    3) (   4,    3) (   4,    3) (   4,    3) (   4,    3) (   4,    3) (   4,    3) (   4,    3) (   4,    3)
          (   4,    3) (   4,    3) (   4,    3) (   4,    3) (   4,    3) (   4,    3) (   4,    3) (   4,    3) (   4,    3) (   4,    3)
          (   4,    3) (   4,    3) (   4,    3) (   4,    3) (   4,    3) (   4,    3) (   4,    3) (   4,    3) (   4,    3) (   4,    3)
          (   4,    3) (   4,    3) (   4,    3) (   4,    3) (   4,    3) (   4,    3) (   4,    3) (   4,    3) (   4,    3) (   4,    3)
          (   4,    3) (   4,    3) (   4,    3) (   4,    3) (   4,    3) (   4,    3) (   4,    3) (   4,    3) (   4,    3) (   4,    3)
          (   4,    3) (   4,    3) (   4,    3) (   4,    3) (   4,    3) (   4,    3) (   4,    3) (   4,    3) (   4,    3) (   4,    3)
          (   4,    3) (   4,    3) (   4,    3) (   4,    3) (   4,    3) (   4,    3) (   4,    3) (   4,    3) (   4,    3) (   4,    3)
          (   4,    3) (   4,    3) (   4,    3) (   4,    3) (   4,    3) (   4,    3) (   4,    3) (   4,    3) (   4,    3) (   4,    3)
          (   4,    3) (   4,    3) (   4,    3) (   4,    3) (   4,    3) (   4,    3) (   4,    3) (   4,    3) (   4,    3) (   4,    3)
          (   4,    3) (   4,    3) (   4,    3) (   4,    3) (   4,    3) (   4,    3) (   4,    3) (   4,    3) (   4,    3) (   4,    3)
          (   4,    3) (   4,    3) (   4,    3) (   4,    3) (   4,    3) (   4,    3) (   4,    3) (   4,    3) (   4,    3) (   4,    3)
          (   4,    3) (   4,    3) (   4,    3) (   4,    3) (   4,    3) (   4,    3) (   4,    3) (   4,    3) (   4,    3) (   4,    3)
          (   4,    3) (   4,    3) (   4,    3) (   4,    3) (   4,    3) (   4,    3) (   4,    3) (   4,    3) (   4,    3) (   4,    3)
          (   4,    3) (   4,    3) (   4,    3) (   4,    3) (   4,    3) (   4,    3) (   4,    3) (   4,    3) (   4,    3) (   4,    3)
          (   4,    3) (   4,    3) (   4,    3) (   4,    3) (   4,    3) (   4,    3) (   4,    3) (   4,    3) (   4,    3) (   4,    3)
          (   4,    3) (   4,    3) (   4,    3) (   4,    3) (   4,    3) (   4,    3) (   4,    3) (   4,    3) (   4,    3) (   4,    3)
          (   4,    3) (   4,    3) (   4,    3) (   4,    3) (   4,    3) (   4,    3) (   4,    3) (   4,    3) (   4,    3) (   4,    3)
          (   4,    3) (   4,    3) (   4,    3) (   4,    3) (   4,    3) (   4,    3) (   4,    3) (   4,    3) (   4,    3) (   4,    3)
          (   4,    3) (   4,    3) (   4,    3) (   4,    3) (   4,    3) (   4,    3) (   4,    3) (   4,    3) (   4,    3) (   4,    3)
          (   4,    3) (   4,    3) (   4,    3) (   4,    3) (   4,    3) (   4,    3) (   4,    3) (   4,    3) (   4,    3) (   4,    3)
          (   4,    3) (   4,    3) (   4,    3) (   4,    3) (   4,    3) (   4,    3) (   4,    3) (   4,    3) (   4,    3) (   4,    3)
          (   4,    3) (   4,    3) (   4,    3) (   4,    3) (   4,    3) (   4,    3) (   4,    3) (   4,    3) (   4,    3) (   4,    3)
          (   4,    3) (   4,    3) (   4,    3) (   4,    3) (   4,    3) (   4,    3) (   4,    3) (   4,    3) (   4,    3) (   4,    3)
          (   4,    3) (   4,    3) (   4,    3) (   4,    3) (   4,    3) (   4,    3) (   4,    3) (   4,    3) (   4,    3) (   4,    3)
         
node   5 sent_total   2899  recv_total   2200

node   6  (   0,    0) (   1,    0) (   0,    0) (   7,    2) (  13,    4) (  24,   23) (  12,   22) (   4,   10) (  20,    8) (   4,   22)
          (   4,    4) (   4,    4) (   4,    4) (   7,    6) (   7,   16) (   4,   11) (   4,    7) (   4,    7) (   4,    7) (   4,    7)
          (   8,    8) (  20,   11) (   4,   26) (   4,    7) (   4,    7) (   7,    8) (  11,    9) (   4,   12) (   4,   10) (   4,    7)
          (   4,    7) (   8,    8) (  36,   15) (   4,   40) (   4,    7) (   4,    6) (   8,    5) (   4,    3) (   4,    3) (   4,    4)
          (   4,    4) (   6,    4) (   8,    5) (  24,    9) (   4,   17) (   4,    4) (   4,    4) (   7,    5) (   4,   10) (   4,    5)
          (   4,    5) (   4,    5) (   4,    5) (   4,    5) (   4,    5) (   4,    5) (   4,    5) (   4,    5) (   4,    5) (   4,    5)
          (   4,    5) (   4,    5) (   4,    5) (   4,    5) (   4,    5) (   4,    5) (   4,    5) (   4,    5) (   4,    5) (   4,    5)
          (   4,    5) (   4,    5) (   4,    5) (   4,    5) (   4,    5) (   4,    5) (   4,    5) (   4,    5) (   4,    5) (   4,    5)
          (   4,    5) (   4,    5) (   4,    5) (   4,    5) (   4,    5) (   4,    5) (   4,    5) (   4,    5) (   4,    5) (   4,    5)
          (   4,    5) (   4,    5) (   4,    5) (   4,    5) (   4,    5) (   4,    5) (   4,    5) (   4,    5) (   4,    5) (   4,    5)
          (   4,    5) (   4,    5) (   4,    5) (   4,    5) (   4,    5) (   4,    5) (   4,    5) (  20,    9) (  56,   19) (   4,   64)
          (   4,    7) (   4,    7) (   4,    7) (   4,    7) (   4,    7) (   4,    7) (   4,    7) (   4,    7) (   4,    7) (   4,    7)
          (   4,    7) (   4,    7) (   4,    7) (   4,    7) (   4,    7) (   4,    7) (   4,    7) (   4,    7) (   4,    7) (   4,    7)
          (   4,    7) (   4,    7) (   4,    7) (   4,    7) (   4,    7) (   4,    7) (   4,    7) (   4,    7) (   4,    7) (   4,    7)
          (   4,    7) (   4,    7) (   4,    7) (   4,    7) (   4,    7) (   4,    7) (   4,    7) (   4,    7) (   4,    7) (   4,    7)
          (   4,    7) (   4,    7) (   4,    7) (   4,    7) (   4,    7) (   4,    7) (   4,    7) (   4,    7) (   4,    7) (   4,    7)
          (   4,    7) (   4,    7) (   4,    7) (   4,    7) (   4,    7) (   4,    7) (   4,    7) (   4,    7) (   4,    7) (   4,    7)
          (   4,    7) (   4,    7) (   4,    7) (   4,    7) (   4,    7) (   4,    7) (   4,    7) (   4,    7) (   4,    7) (   4,    7)
          (   4,    7) (   4,    7) (   4,    7) (   4,    7) (   4,    7) (   4,    7) (   4,    7) (   4,    7) (   4,    7) (   4,    7)
          (   4,    7) (   4,    7) (   4,    7) (   4,    7) (   4,    7) (   4,    7) (   4,    7) (   4,    7) (   4,    7) (   4,    7)
          (   4,    7) (   4,    7) (   4,    7) (   4,    7) (   4,    7) (   4,    7) (   4,    7) (   4,    7) (   4,    7) (   4,    7)
          (   4,    7) (   4,    7) (   4,    7) (   4,    7) (   4,    7) (   4,    7) (   4,    7) (   4,    7) (   4,    7) (   4,    7)
          (   4,    7) (   4,    7) (   4,    7) (   4,    7) (   4,    7) (   4,    7) (   4,    7) (   4,    7) (   4,    7) (   4,    7)
          (   4,    7) (   4,    7) (   4,    7) (   4,    7) (   4,    7) (   4,    7) (   4,    7) (   4,    7) (   4,    7) (   4,    7)
          (   4,    7) (   4,    7) (   4,    7) (   4,    7) (   4,    7) (   4,    7) (   4,    7) (   4,    7) (   4,    7) (   4,    7)
          (   4,    7) (   4,    7) (   4,    7) (   4,    7) (   4,    7) (   4,    7) (   4,    7) (   4,    7) (   4,    7) (   4,    7)
          (   4,    7) (   4,    7) (   4,    7) (   4,    7) (   4,    7) (   4,    7) (   4,    7) (   4,    7) (   4,    7) (   4,    7)
          (   4,    7) (   4,    7) (   4,    7) (   4,    7) (   4,    7) (   4,    7) (   4,    7) (   4,    7) (   4,    7) (   4,    7)
          (   4,    7) (   4,    7) (   4,    7) (   4,    7) (   4,    7) (   4,    7) (   4,    7) (   4,    7) (   4,    7) (   4,    7)
          (   4,    7) (   4,    7) (   4,    7) (   4,    7) (   4,    7) (   4,    7) (   4,    7) (   4,    7) (   4,    7) (   4,    7)
          (   4,    7) (   4,    7) (   4,    7) (   4,    7) (   4,    7) (   4,    7) (   4,    7) (   4,    7) (   4,    7) (   4,    7)
          (   4,    7) (   4,    7) (   4,    7) (   4,    7) (   4,    7) (   4,    7) (   4,    7) (   4,    7) (   4,    7) (   4,    7)
          (   4,    7) (   4,    7) (   4,    7) (   4,    7) (   4,    7) (   4,    7) (   4,    7) (   4,    7) (   4,    7) (   4,    7)
          (   4,    7) (   4,    7) (   4,    7) (   4,    7) (   4,    7) (   4,    7) (   4,    7) (   4,    7) (   4,    7) (   4,    7)
          (   4,    7) (   4,    7) (   4,    7) (   4,    7) (   4,    7) (   4,    7) (   4,    7) (   4,    7) (   4,    7) (   4,    7)
          (   4,    7) (   4,    7) (   4,    7) (   4,    7) (   4,    7) (   4,    7) (   4,    7) (   4,    7) (   4,    7) (   4,    7)
          (   4,    7) (   4,    7) (   4,    7) (   4,    7) (   4,    7) (   4,    7) (   4,    7) (   4,    7) (   4,    7) (   4,    7)
          (   4,    7) (   4,    7) (   4,    7) (   4,    7) (   4,    7) (   4,    7) (   4,    7) (   4,    7) (   4,    7) (   4,    7)
          (   4,    7) (   4,    7) (   4,    7) (   4,    7) (   4,    7) (   4,    7) (   4,    7) (   4,    7) (   4,    7) (   4,    7)
          (   4,    7) (   4,    7) (   4,    7) (   4,    7) (   4,    7) (   4,    7) (   4,    7) (   4,    7) (   4,    7) (   4,    7)
          (   4,    7) (   4,    7) (   4,    7) (   4,    7) (   4,    7) (   4,    7) (   4,    7) (   4,    7) (   4,    7) (   4,    7)
          (   4,    7) (   4,    7) (   4,    7) (   4,    7) (   4,    7) (   4,    7) (   4,    7) (   4,    7) (   4,    7) (   4,    7)
          (   4,    7) (   4,    7) (   4,    7) (   4,    7) (   4,    7) (   4,    7) (   4,    7) (   4,    7) (   4,    7) (   4,    7)
          (   4,    7) (   4,    7) (   4,    7) (   4,    7) (   4,    7) (   4,    7) (   4,    7) (   4,    7) (   4,    7) (   4,    7)
          (   4,    7) (   4,    7) (   4,    7) (   4,    7) (   4,    7) (   4,    7) (   4,    7) (   4,    7) (   4,    7) (   4,    7)
          (   4,    7) (   4,    7) (   4,    7) (   4,    7) (   4,    7) (   4,    7) (   4,    7) (   4,    7) (   4,    7) (   4,    7)
          (   4,    7) (   4,    7) (   4,    7) (   4,    7) (   4,    7) (   4,    7) (   4,    7) (   4,    7) (   4,    7) (   4,    7)
          (   4,    7) (   4,    7) (   4,    7) (   4,    7) (   4,    7) (   4,    7) (   4,    7) (   4,    7) (   4,    7) (   4,    7)
          (   4,    7) (   4,    7) (   4,    7) (   4,    7) (   4,    7) (   4,    7) (   4,    7) (   4,    7) (   4,    7) (   4,    7)
          (   4,    7) (   4,    7) (   4,    7) (   4,    7) (   4,    7) (   4,    7) (   4,    7) (   4,    7) (   4,    7) (   4,    7)
          (   4,    7) (   4,    7) (   4,    7) (   4,    7) (   4,    7) (   4,    7) (   4,    7) (   4,    7) (   4,    7) (   4,    7)
          (   4,    7) (   4,    7) (   4,    7) (   4,    7) (   4,    7) (   4,    7) (   4,    7) (   4,    7) (   4,    7) (   4,    7)
          (   4,    7) (   4,    7) (   4,    7) (   4,    7) (   4,    7) (   4,    7) (   4,    7) (   4,    7) (   4,    7) (   4,    7)
          (   4,    7) (   4,    7) (   4,    7) (   4,    7) (   4,    7) (   4,    7) (   4,    7) (   4,    7) (   4,    7) (   4,    7)
          (   4,    7) (   4,    7) (   4,    7) (   4,    7) (   4,    7) (   4,    7) (   4,    7) (   4,    7) (   4,    7) (   4,    7)
          (   4,    7) (   4,    7) (   4,    7) (   4,    7) (   4,    7) (   4,    7) (   4,    7) (   4,    7) (   4,    7) (   4,    7)
          (   4,    7) (   4,    7) (   4,    7) (   4,    7) (   4,    7) (   4,    7) (   4,    7) (   4,    7) (   4,    7) (   4,    7)
          (   4,    7) (   4,    7) (   4,    7) (   4,    7) (   4,    7) (   4,    7) (   4,    7) (   4,    7) (   4,    7) (   4,    7)
          (   4,    7) (   4,    7) (   4,    7) (   4,    7) (   4,    7) (   4,    7) (   4,    7) (   4,    7) (   4,    7) (   4,    7)
          (   4,    7) (   4,    7) (   4,    7) (   4,    7) (   4,    7) (   4,    7) (   4,    7) (   4,    7) (   4,    7) (   4,    7)
          (   4,    7) (   4,    7) (   4,    7) (   4,    7) (   4,    7) (   4,    7) (   4,    7) (   4,    7) (   4,    7) (   4,    7)
          (   4,    7) (   4,    7) (   4,    7) (   4,    7) (   4,    7) (   4,    7) (   4,    7) (   4,    7) (   4,    7) (   4,    7)
          (   4,    7) (   4,    7) (   4,    7) (   4,    7) (   4,    7) (   4,    7) (   4,    7) (   4,    7) (   4,    7) (   4,    7)
          (   4,    7) (   4,    7) (   4,    7) (   4,    7) (   4,    7) (   4,    7) (   4,    7) (   4,    7) (   4,    7) (   4,    7)
          (   4,    7) (   4,    7) (   4,    7) (   4,    7) (   4,    7) (   4,    7) (   4,    7) (   4,    7) (   4,    7) (   4,    7)
          (   4,    7) (   4,    7) (   4,    7) (   4,    7) (   4,    7) (   4,    7) (   4,    7) (   4,    7) (   4,    7) (   4,    7)
          (   4,    7) (   4,    7) (   4,    7) (   4,    7) (   4,    7) (   4,    7) (   4,    7) (   4,    7) (   4,    7) (   4,    7)
          (   4,    7) (   4,    7) (   4,    7) (   4,    7) (   4,    7) (   4,    7) (   4,    7) (   4,    7) (   4,    7) (   4,    7)
          (   4,    7) (   4,    7) (   4,    7) (   4,    7) (   4,    7) (   4,    7) (   4,    7) (   4,    7) (   4,    7) (   4,    7)
          (   4,    7) (   4,    7) (   4,    7) (   4,    7) (   4,    7) (   4,    7) (   4,    7) (   4,    7) (   4,    7) (   4,    7)
         
node   6 sent_total   3018  recv_total   4941

node   7  (   0,    0) (   1,    0) (   0,    0) (   9,    2) (  16,    4) (  20,   13) (  12,    8) (   4,    2) (  15,    5) (   4,    8)
          (   4,    2) (   4,    2) (   7,    3) (  10,    4) (   4,    4) (   4,    3) (   4,    2) (   4,    2) (   4,    2) (   4,    2)
          (   8,    3) (   4,    2) (   4,    8) (   4,    2) (   4,    2) (   4,    2) (   4,    2) (   4,    3) (   4,    3) (   4,    2)
          (   6,    2) (   9,    4) (  28,   10) (   7,   30) (   4,    6) (   8,    6) (  13,    8) (   7,   13) (   4,    8) (   4,    5)
          (   4,    5) (   4,    5) (   8,    6) (  12,    8) (   4,   21) (   4,    6) (   8,    7) (  12,    8) (   4,   14) (   4,    6)
          (   4,    6) (   4,    6) (   4,    6) (   4,    6) (   4,    6) (   4,    6) (   4,    6) (   4,    6) (   4,    6) (   4,    6)
          (   4,    6) (   4,    6) (   4,    6) (   4,    6) (   4,    6) (   4,    6) (   4,    6) (   4,    6) (   4,    6) (   4,    6)
          (   4,    6) (   4,    6) (   4,    6) (   4,    6) (   4,    6) (   4,    6) (   4,    6) (   4,    6) (   4,    6) (   4,    6)
          (   4,    6) (   4,    6) (   4,    6) (   4,    6) (   4,    6) (   4,    6) (   4,    6) (   4,    6) (   4,    6) (   4,    6)
          (   4,    6) (   4,    6) (   4,    6) (   4,    6) (   4,    6) (   4,    6) (   4,    6) (   4,    6) (   4,    6) (   4,    6)
          (   4,    6) (   4,    6) (   4,    5) (   4,    5) (   4,    5) (   4,    5) (   6,    5) (  16,    8) (  60,   21) (   4,   63)
          (   4,    7) (   4,    7) (   4,    7) (   4,    7) (   4,    7) (   4,    7) (   4,    7) (   4,    7) (   4,    7) (   4,    7)
          (   4,    7) (   4,    7) (   4,    7) (   4,    7) (   4,    7) (   4,    7) (   4,    7) (   4,    7) (   4,    7) (   4,    7)
          (   4,    7) (   4,    7) (   4,    7) (   4,    7) (   4,    7) (   4,    7) (   4,    7) (   4,    7) (   4,    7) (   4,    7)
          (   4,    7) (   4,    7) (   4,    7) (   4,    7) (   4,    7) (   4,    7) (   4,    7) (   4,    7) (   4,    7) (   4,    7)
          (   4,    7) (   4,    7) (   4,    7) (   4,    7) (   4,    7) (   4,    7) (   4,    7) (   4,    7) (   4,    7) (   4,    7)
          (   4,    7) (   4,    7) (   4,    7) (   4,    7) (   4,    7) (   4,    7) (   4,    7) (   4,    7) (   4,    7) (   4,    7)
          (   4,    7) (   4,    7) (   4,    7) (   4,    7) (   4,    7) (   4,    7) (   4,    7) (   4,    7) (   4,    7) (   4,    7)
          (   4,    7) (   4,    7) (   4,    7) (   4,    7) (   4,    7) (   4,    7) (   4,    7) (   4,    7) (   4,    7) (   4,    7)
          (   4,    7) (   4,    7) (   4,    7) (   4,    7) (   4,    7) (   4,    7) (   4,    7) (   4,    7) (   4,    7) (   4,    7)
          (   4,    7) (   4,    7) (   4,    7) (   4,    7) (   4,    7) (   4,    7) (   4,    7) (   4,    7) (   4,    7) (   4,    7)
          (   4,    7) (   4,    7) (   4,    7) (   4,    7) (   4,    7) (   4,    7) (   4,    7) (   4,    7) (   4,    7) (   4,    7)
          (   4,    7) (   4,    7) (   4,    7) (   4,    7) (   4,    7) (   4,    7) (   4,    7) (   4,    7) (   4,    7) (   4,    7)
          (   4,    7) (   4,    7) (   4,    7) (   4,    7) (   4,    7) (   4,    7) (   4,    7) (   4,    7) (   4,    7) (   4,    7)
          (   4,    7) (   4,    7) (   4,    7) (   4,    7) (   4,    7) (   4,    7) (   4,    7) (   4,    7) (   4,    7) (   4,    7)
          (   4,    7) (   4,    7) (   4,    7) (   4,    7) (   4,    7) (   4,    7) (   4,    7) (   4,    7) (   4,    7) (   4,    7)
          (   4,    7) (   4,    7) (   4,    7) (   4,    7) (   4,    7) (   4,    7) (   4,    7) (   4,    7) (   4,    7) (   4,    7)
          (   4,    7) (   4,    7) (   4,    7) (   4,    7) (   4,    7) (   4,    7) (   4,    7) (   4,    7) (   4,    7) (   4,    7)
          (   4,    7) (   4,    7) (   4,    7) (   4,    7) (   4,    7) (   4,    7) (   4,    7) (   4,    7) (   4,    7) (   4,    7)
          (   4,    7) (   4,    7) (   4,    7) (   4,    7) (   4,    7) (   4,    7) (   4,    7) (   4,    7) (   4,    7) (   4,    7)
          (   4,    7) (   4,    7) (   4,    7) (   4,    7) (   4,    7) (   4,    7) (   4,    7) (   4,    7) (   4,    7) (   4,    7)
          (   4,    7) (   4,    7) (   4,    7) (   4,    7) (   4,    7) (   4,    7) (   4,    7) (   4,    7) (   4,    7) (   4,    7)
          (   4,    7) (   4,    7) (   4,    7) (   4,    7) (   4,    7) (   4,    7) (   4,    7) (   4,    7) (   4,    7) (   4,    7)
          (   4,    7) (   4,    7) (   4,    7) (   4,    7) (   4,    7) (   4,    7) (   4,    7) (   4,    7) (   4,    7) (   4,    7)
          (   4,    7) (   4,    7) (   4,    7) (   4,    7) (   4,    7) (   4,    7) (   4,    7) (   4,    7) (   4,    7) (   4,    7)
          (   4,    7) (   4,    7) (   4,    7) (   4,    7) (   4,    7) (   4,    7) (   4,    7) (   4,    7) (   4,    7) (   4,    7)
          (   4,    7) (   4,    7) (   4,    7) (   4,    7) (   4,    7) (   4,    7) (   4,    7) (   4,    7) (   4,    7) (   4,    7)
          (   4,    7) (   4,    7) (   4,    7) (   4,    7) (   4,    7) (   4,    7) (   4,    7) (   4,    7) (   4,    7) (   4,    7)
          (   4,    7) (   4,    7) (   4,    7) (   4,    7) (   4,    7) (   4,    7) (   4,    7) (   4,    7) (   4,    7) (   4,    7)
          (   4,    7) (   4,    7) (   4,    7) (   4,    7) (   4,    7) (   4,    7) (   4,    7) (   4,    7) (   4,    7) (   4,    7)
          (   4,    7) (   4,    7) (   4,    7) (   4,    7) (   4,    7) (   4,    7) (   4,    7) (   4,    7) (   4,    7) (   4,    7)
          (   4,    7) (   4,    7) (   4,    7) (   4,    7) (   4,    7) (   4,    7) (   4,    7) (   4,    7) (   4,    7) (   4,    7)
          (   4,    7) (   4,    7) (   4,    7) (   4,    7) (   4,    7) (   4,    7) (   4,    7) (   4,    7) (   4,    7) (   4,    7)
          (   4,    7) (   4,    7) (   4,    7) (   4,    7) (   4,    7) (   4,    7) (   4,    7) (   4,    7) (   4,    7) (   4,    7)
          (   4,    7) (   4,    7) (   4,    7) (   4,    7) (   4,    7) (   4,    7) (   4,    7) (   4,    7) (   4,    7) (   4,    7)
          (   4,    7) (   4,    7) (   4,    7) (   4,    7) (   4,    7) (   4,    7) (   4,    7) (   4,    7) (   4,    7) (   4,    7)
          (   4,    7) (   4,    7) (   4,    7) (   4,    7) (   4,    7) (   4,    7) (   4,    7) (   4,    7) (   4,    7) (   4,    7)
          (   4,    7) (   4,    7) (   4,    7) (   4,    7) (   4,    7) (   4,    7) (   4,    7) (   4,    7) (   4,    7) (   4,    7)
          (   4,    7) (   4,    7) (   4,    7) (   4,    7) (   4,    7) (   4,    7) (   4,    7) (   4,    7) (   4,    7) (   4,    7)
          (   4,    7) (   4,    7) (   4,    7) (   4,    7) (   4,    7) (   4,    7) (   4,    7) (   4,    7) (   4,    7) (   4,    7)
          (   4,    7) (   4,    7) (   4,    7) (   4,    7) (   4,    7) (   4,    7) (   4,    7) (   4,    7) (   4,    7) (   4,    7)
          (   4,    7) (   4,    7) (   4,    7) (   4,    7) (   4,    7) (   4,    7) (   4,    7) (   4,    7) (   4,    7) (   4,    7)
          (   4,    7) (   4,    7) (   4,    7) (   4,    7) (   4,    7) (   4,    7) (   4,    7) (   4,    7) (   4,    7) (   4,    7)
          (   4,    7) (   4,    7) (   4,    7) (   4,    7) (   4,    7) (   4,    7) (   4,    7) (   4,    7) (   4,    7) (   4,    7)
          (   4,    7) (   4,    7) (   4,    7) (   4,    7) (   4,    7) (   4,    7) (   4,    7) (   4,    7) (   4,    7) (   4,    7)
          (   4,    7) (   4,    7) (   4,    7) (   4,    7) (   4,    7) (   4,    7) (   4,    7) (   4,    7) (   4,    7) (   4,    7)
          (   4,    7) (   4,    7) (   4,    7) (   4,    7) (   4,    7) (   4,    7) (   4,    7) (   4,    7) (   4,    7) (   4,    7)
          (   4,    7) (   4,    7) (   4,    7) (   4,    7) (   4,    7) (   4,    7) (   4,    7) (   4,    7) (   4,    7) (   4,    7)
          (   4,    7) (   4,    7) (   4,    7) (   4,    7) (   4,    7) (   4,    7) (   4,    7) (   4,    7) (   4,    7) (   4,    7)
          (   4,    7) (   4,    7) (   4,    7) (   4,    7) (   4,    7) (   4,    7) (   4,    7) (   4,    7) (   4,    7) (   4,    7)
          (   4,    7) (   4,    7) (   4,    7) (   4,    7) (   4,    7) (   4,    7) (   4,    7) (   4,    7) (   4,    7) (   4,    7)
          (   4,    7) (   4,    7) (   4,    7) (   4,    7) (   4,    7) (   4,    7) (   4,    7) (   4,    7) (   4,    7) (   4,    7)
          (   4,    7) (   4,    7) (   4,    7) (   4,    7) (   4,    7) (   4,    7) (   4,    7) (   4,    7) (   4,    7) (   4,    7)
          (   4,    7) (   4,    7) (   4,    7) (   4,    7) (   4,    7) (   4,    7) (   4,    7) (   4,    7) (   4,    7) (   4,    7)
          (   4,    7) (   4,    7) (   4,    7) (   4,    7) (   4,    7) (   4,    7) (   4,    7) (   4,    7) (   4,    7) (   4,    7)
          (   4,    7) (   4,    7) (   4,    7) (   4,    7) (   4,    7) (   4,    7) (   4,    7) (   4,    7) (   4,    7) (   4,    7)
          (   4,    7) (   4,    7) (   4,    7) (   4,    7) (   4,    7) (   4,    7) (   4,    7) (   4,    7) (   4,    7) (   4,    7)
          (   4,    7) (   4,    7) (   4,    7) (   4,    7) (   4,    7) (   4,    7) (   4,    7) (   4,    7) (   4,    7) (   4,    7)
          (   4,    7) (   4,    7) (   4,    7) (   4,    7) (   4,    7) (   4,    7) (   4,    7) (   4,    7) (   4,    7) (   4,    7)
          (   4,    7) (   4,    7) (   4,    7) (   4,    7) (   4,    7) (   4,    7) (   4,    7) (   4,    7) (   4,    7) (   4,    7)
         
node   7 sent_total   2998  recv_total   4834

node   8  (   0,    0) (   1,    0) (   0,    0) (   9,    2) (  16,    4) (  16,   10) (  15,   10) (   4,    4) (  12,    4) (   4,    9)
          (   4,    2) (   4,    2) (   4,    2) (   6,    3) (   4,    7) (   4,    6) (   4,    5) (   4,    5) (   4,    5) (   4,    5)
          (   8,    6) (  16,    8) (   4,   19) (   4,    4) (   4,    4) (   4,    4) (   7,    5) (   4,    6) (   4,    6) (   4,    4)
          (   4,    4) (   8,    5) (  27,   11) (   4,   28) (   4,    9) (   7,    7) (  14,    9) (   8,   15) (   4,   11) (   4,    6)
          (   4,    6) (   4,    6) (   4,    6) (  20,   10) (   4,   17) (   4,    6) (   7,    7) (  12,    8) (   4,   14) (   4,    6)
          (   4,    6) (   4,    6) (   4,    6) (   4,    6) (   4,    6) (   4,    6) (   4,    6) (   4,    6) (   4,    6) (   4,    6)
          (   4,    6) (   4,    6) (   4,    6) (   4,    6) (   4,    6) (   4,    6) (   4,    6) (   4,    6) (   4,    6) (   4,    6)
          (   4,    6) (   4,    6) (   4,    6) (   4,    6) (   4,    6) (   4,    6) (   4,    6) (   4,    6) (   4,    6) (   4,    6)
          (   4,    6) (   4,    6) (   4,    6) (   4,    6) (   4,    6) (   4,    6) (   4,    6) (   4,    6) (   4,    6) (   4,    6)
          (   4,    6) (   4,    6) (   4,    6) (   4,    6) (   4,    6) (   4,    6) (   4,    6) (   4,    6) (   4,    6) (   4,    6)
          (   4,    6) (   0,    0) (   0,    0) (   0,    0) (   0,    0) (   0,    0) (   0,    0) (   0,    0) (   0,    0) (   0,    0)
          (   0,    0) (   0,    0) (   0,    0) (   0,    0) (   0,    0) (   0,    0) (   0,    0) (   0,    0) (   0,    0) (   0,    0)
          (   0,    0) (   0,    0) (   0,    0) (   0,    0) (   0,    0) (   0,    0) (   0,    0) (   0,    0) (   0,    0) (   0,    0)
          (   0,    0) (   0,    0) (   0,    0) (   0,    0) (   0,    0) (   0,    0) (   0,    0) (   0,    0) (   0,    0) (   0,    0)
          (   0,    0) (   0,    0) (   0,    0) (   0,    0) (   0,    0) (   0,    0) (   0,    0) (   0,    0) (   0,    0) (   0,    0)
          (   0,    0) (   0,    0) (   0,    0) (   0,    0) (   0,    0) (   0,    0) (   0,    0) (   0,    0) (   0,    0) (   0,    0)
          (   0,    0) (   0,    0) (   0,    0) (   0,    0) (   0,    0) (   0,    0) (   0,    0) (   0,    0) (   0,    0) (   0,    0)
          (   0,    0) (   0,    0) (   0,    0) (   0,    0) (   0,    0) (   0,    0) (   0,    0) (   0,    0) (   0,    0) (   0,    0)
          (   0,    0) (   0,    0) (   0,    0) (   0,    0) (   0,    0) (   0,    0) (   0,    0) (   0,    0) (   0,    0) (   0,    0)
          (   0,    0) (   0,    0) (   0,    0) (   0,    0) (   0,    0) (   0,    0) (   0,    0) (   0,    0) (   0,    0) (   0,    0)
          (   0,    0) (   0,    0) (   0,    0) (   0,    0) (   0,    0) (   0,    0) (   0,    0) (   0,    0) (   0,    0) (   0,    0)
          (   0,    0) (   0,    0) (   0,    0) (   0,    0) (   0,    0) (   0,    0) (   0,    0) (   0,    0) (   0,    0) (   0,    0)
          (   0,    0) (   0,    0) (   0,    0) (   0,    0) (   0,    0) (   0,    0) (   0,    0) (   0,    0) (   0,    0) (   0,    0)
          (   0,    0) (   0,    0) (   0,    0) (   0,    0) (   0,    0) (   0,    0) (   0,    0) (   0,    0) (   0,    0) (   0,    0)
          (   0,    0) (   0,    0) (   0,    0) (   0,    0) (   0,    0) (   0,    0) (   0,    0) (   0,    0) (   0,    0) (   0,    0)
          (   0,    0) (   0,    0) (   0,    0) (   0,    0) (   0,    0) (   0,    0) (   0,    0) (   0,    0) (   0,    0) (   0,    0)
          (   0,    0) (   0,    0) (   0,    0) (   0,    0) (   0,    0) (   0,    0) (   0,    0) (   0,    0) (   0,    0) (   0,    0)
          (   0,    0) (   0,    0) (   0,    0) (   0,    0) (   0,    0) (   0,    0) (   0,    0) (   0,    0) (   0,    0) (   0,    0)
          (   0,    0) (   0,    0) (   0,    0) (   0,    0) (   0,    0) (   0,    0) (   0,    0) (   0,    0) (   0,    0) (   0,    0)
          (   0,    0) (   0,    0) (   0,    0) (   0,    0) (   0,    0) (   0,    0) (   0,    0) (   0,    0) (   0,    0) (   0,    0)
          (   0,    0) (   0,    0) (   0,    0) (   0,    0) (   0,    0) (   0,    0) (   0,    0) (   0,    0) (   0,    0) (   0,    0)
          (   0,    0) (   0,    0) (   0,    0) (   0,    0) (   0,    0) (   0,    0) (   0,    0) (   0,    0) (   0,    0) (   0,    0)
          (   0,    0) (   0,    0) (   0,    0) (   0,    0) (   0,    0) (   0,    0) (   0,    0) (   0,    0) (   0,    0) (   0,    0)
          (   0,    0) (   0,    0) (   0,    0) (   0,    0) (   0,    0) (   0,    0) (   0,    0) (   0,    0) (   0,    0) (   0,    0)
          (   0,    0) (   0,    0) (   0,    0) (   0,    0) (   0,    0) (   0,    0) (   0,    0) (   0,    0) (   0,    0) (   0,    0)
          (   0,    0) (   0,    0) (   0,    0) (   0,    0) (   0,    0) (   0,    0) (   0,    0) (   0,    0) (   0,    0) (   0,    0)
          (   0,    0) (   0,    0) (   0,    0) (   0,    0) (   0,    0) (   0,    0) (   0,    0) (   0,    0) (   0,    0) (   0,    0)
          (   0,    0) (   0,    0) (   0,    0) (   0,    0) (   0,    0) (   0,    0) (   0,    0) (   0,    0) (   0,    0) (   0,    0)
          (   0,    0) (   0,    0) (   0,    0) (   0,    0) (   0,    0) (   0,    0) (   0,    0) (   0,    0) (   0,    0) (   0,    0)
          (   0,    0) (   0,    0) (   0,    0) (   0,    0) (   0,    0) (   0,    0) (   0,    0) (   0,    0) (   0,    0) (   0,    0)
          (   0,    0) (   0,    0) (   0,    0) (   0,    0) (   0,    0) (   0,    0) (   0,    0) (   0,    0) (   0,    0) (   0,    0)
          (   0,    0) (   0,    0) (   0,    0) (   0,    0) (   0,    0) (   0,    0) (   0,    0) (   0,    0) (   0,    0) (   0,    0)
          (   0,    0) (   0,    0) (   0,    0) (   0,    0) (   0,    0) (   0,    0) (   0,    0) (   0,    0) (   0,    0) (   0,    0)
          (   0,    0) (   0,    0) (   0,    0) (   0,    0) (   0,    0) (   0,    0) (   0,    0) (   0,    0) (   0,    0) (   0,    0)
          (   0,    0) (   0,    0) (   0,    0) (   0,    0) (   0,    0) (   0,    0) (   0,    0) (   0,    0) (   0,    0) (   0,    0)
          (   0,    0) (   0,    0) (   0,    0) (   0,    0) (   0,    0) (   0,    0) (   0,    0) (   0,    0) (   0,    0) (   0,    0)
          (   0,    0) (   0,    0) (   0,    0) (   0,    0) (   0,    0) (   0,    0) (   0,    0) (   0,    0) (   0,    0) (   0,    0)
          (   0,    0) (   0,    0) (   0,    0) (   0,    0) (   0,    0) (   0,    0) (   0,    0) (   0,    0) (   0,    0) (   0,    0)
          (   0,    0) (   0,    0) (   0,    0) (   0,    0) (   0,    0) (   0,    0) (   0,    0) (   0,    0) (   0,    0) (   0,    0)
          (   0,    0) (   0,    0) (   0,    0) (   0,    0) (   0,    0) (   0,    0) (   0,    0) (   0,    0) (   0,    0) (   0,    0)
          (   0,    0) (   0,    0) (   0,    0) (   0,    0) (   0,    0) (   0,    0) (   0,    0) (   0,    0) (   0,    0) (   0,    0)
          (   0,    0) (   0,    0) (   0,    0) (   0,    0) (   0,    0) (   0,    0) (   0,    0) (   0,    0) (   0,    0) (   0,    0)
          (   0,    0) (   0,    0) (   0,    0) (   0,    0) (   0,    0) (   0,    0) (   0,    0) (   0,    0) (   0,    0) (   0,    0)
          (   0,    0) (   0,    0) (   0,    0) (   0,    0) (   0,    0) (   0,    0) (   0,    0) (   0,    0) (   0,    0) (   0,    0)
          (   0,    0) (   0,    0) (   0,    0) (   0,    0) (   0,    0) (   0,    0) (   0,    0) (   0,    0) (   0,    0) (   0,    0)
          (   0,    0) (   0,    0) (   0,    0) (   0,    0) (   0,    0) (   0,    0) (   0,    0) (   0,    0) (   0,    0) (   0,    0)
          (   0,    0) (   0,    0) (   0,    0) (   0,    0) (   0,    0) (   0,    0) (   0,    0) (   0,    0) (   0,    0) (   0,    0)
          (   0,    0) (   0,    0) (   0,    0) (   0,    0) (   0,    0) (   0,    0) (   0,    0) (   0,    0) (   0,    0) (   0,    0)
          (   0,    0) (   0,    0) (   0,    0) (   0,    0) (   0,    0) (   0,    0) (   0,    0) (   0,    0) (   0,    0) (   0,    0)
          (   0,    0) (   0,    0) (   0,    0) (   0,    0) (   0,    0) (   0,    0) (   0,    0) (   0,    0) (   0,    0) (   0,    0)
          (   0,    0) (   0,    0) (   0,    0) (   0,    0) (   0,    0) (   0,    0) (   0,    0) (   0,    0) (   0,    0) (   0,    0)
          (   0,    0) (   0,    0) (   0,    0) (   0,    0) (   0,    0) (   0,    0) (   0,    0) (   0,    0) (   0,    0) (   0,    0)
          (   0,    0) (   0,    0) (   0,    0) (   0,    0) (   0,    0) (   0,    0) (   0,    0) (   0,    0) (   0,    0) (   0,    0)
          (   0,    0) (   0,    0) (   0,    0) (   0,    0) (   0,    0) (   0,    0) (   0,    0) (   0,    0) (   0,    0) (   0,    0)
          (   0,    0) (   0,    0) (   0,    0) (   0,    0) (   0,    0) (   0,    0) (   0,    0) (   0,    0) (   0,    0) (   0,    0)
          (   0,    0) (   0,    0) (   0,    0) (   0,    0) (   0,    0) (   0,    0) (   0,    0) (   0,    0) (   0,    0) (   0,    0)
          (   0,    0) (   0,    0) (   0,    0) (   0,    0) (   0,    0) (   0,    0) (   0,    0) (   0,    0) (   0,    0) (   0,    0)
          (   0,    0) (   0,    0) (   0,    0) (   0,    0) (   0,    0) (   0,    0) (   0,    0) (   0,    0) (   0,    0) (   0,    0)
          (   0,    0) (   0,    0) (   0,    0) (   0,    0) (   0,    0) (   0,    0) (   0,    0) (   0,    0) (   0,    0) (   0,    0)
          (   0,    0) (   0,    0) (   0,    0) (   0,    0) (   0,    0) (   0,    0) (   0,    0) (   0,    0) (   0,    0) (   0,    0)
         
node   8 sent_total    533  recv_total    648

node   9  (   0,    0) (   0,    0) (   1,    0) (   0,    0) (   7,    2) (  16,    8) (  14,    6) (   4,    1) (  16,    5) (   4,   12)
          (   4,    2) (   4,    2) (   4,    2) (  11,    4) (   6,    7) (   4,    3) (   4,    2) (   4,    2) (   4,    2) (   4,    2)
          (   4,    1) (   3,    0) (   3,    0) (   3,    0) (   4,    0) (   2,    0) (   1,    0) (   1,    0) (   1,    0) (   1,    0)
          (   1,    0) (   1,    0) (   0,    0) (   0,    0) (   0,    0) (   0,    0) (   0,    0) (   0,    0) (   0,    0) (   0,    0)
          (   0,    0) (   0,    0) (   0,    0) (   0,    0) (   0,    0) (   0,    0) (   0,    0) (   0,    0) (   0,    0) (   0,    0)
          (   0,    0) (   0,    0) (   0,    0) (   0,    0) (   0,    0) (   0,    0) (   0,    0) (   0,    0) (   0,    0) (   0,    0)
          (   0,    0) (   0,    0) (   0,    0) (   0,    0) (   0,    0) (   0,    0) (   0,    0) (   0,    0) (   0,    0) (   0,    0)
          (   0,    0) (   0,    0) (   0,    0) (   0,    0) (   0,    0) (   0,    0) (   0,    0) (   0,    0) (   0,    0) (   0,    0)
          (   0,    0) (   0,    0) (   0,    0) (   0,    0) (   0,    0) (   0,    0) (   0,    0) (   0,    0) (   0,    0) (   0,    0)
          (   0,    0) (   0,    0) (   0,    0) (   0,    0) (   0,    0) (   0,    0) (   0,    0) (   0,    0) (   0,    0) (   0,    0)
          (   0,    0) (   0,    0) (   0,    0) (   0,    0) (   0,    0) (   0,    0) (   0,    0) (   0,    0) (   0,    0) (   0,    0)
          (   0,    0) (   0,    0) (   0,    0) (   0,    0) (   0,    0) (   0,    0) (   0,    0) (   0,    0) (   0,    0) (   0,    0)
          (   0,    0) (   0,    0) (   0,    0) (   0,    0) (   0,    0) (   0,    0) (   0,    0) (   0,    0) (   0,    0) (   0,    0)
          (   0,    0) (   0,    0) (   0,    0) (   0,    0) (   0,    0) (   0,    0) (   0,    0) (   0,    0) (   0,    0) (   0,    0)
          (   0,    0) (   0,    0) (   0,    0) (   0,    0) (   0,    0) (   0,    0) (   0,    0) (   0,    0) (   0,    0) (   0,    0)
          (   0,    0) (   0,    0) (   0,    0) (   0,    0) (   0,    0) (   0,    0) (   0,    0) (   0,    0) (   0,    0) (   0,    0)
          (   0,    0) (   0,    0) (   0,    0) (   0,    0) (   0,    0) (   0,    0) (   0,    0) (   0,    0) (   0,    0) (   0,    0)
          (   0,    0) (   0,    0) (   0,    0) (   0,    0) (   0,    0) (   0,    0) (   0,    0) (   0,    0) (   0,    0) (   0,    0)
          (   0,    0) (   0,    0) (   0,    0) (   0,    0) (   0,    0) (   0,    0) (   0,    0) (   0,    0) (   0,    0) (   0,    0)
          (   0,    0) (   0,    0) (   0,    0) (   0,    0) (   0,    0) (   0,    0) (   0,    0) (   0,    0) (   0,    0) (   0,    0)
          (   0,    0) (   0,    0) (   0,    0) (   0,    0) (   0,    0) (   0,    0) (   0,    0) (   0,    0) (   0,    0) (   0,    0)
          (   0,    0) (   0,    0) (   0,    0) (   0,    0) (   0,    0) (   0,    0) (   0,    0) (   0,    0) (   0,    0) (   0,    0)
          (   0,    0) (   0,    0) (   0,    0) (   0,    0) (   0,    0) (   0,    0) (   0,    0) (   0,    0) (   0,    0) (   0,    0)
          (   0,    0) (   0,    0) (   0,    0) (   0,    0) (   0,    0) (   0,    0) (   0,    0) (   0,    0) (   0,    0) (   0,    0)
          (   0,    0) (   0,    0) (   0,    0) (   0,    0) (   0,    0) (   0,    0) (   0,    0) (   0,    0) (   0,    0) (   0,    0)
          (   0,    0) (   0,    0) (   0,    0) (   0,    0) (   0,    0) (   0,    0) (   0,    0) (   0,    0) (   0,    0) (   0,    0)
          (   0,    0) (   0,    0) (   0,    0) (   0,    0) (   0,    0) (   0,    0) (   0,    0) (   0,    0) (   0,    0) (   0,    0)
          (   0,    0) (   0,    0) (   0,    0) (   0,    0) (   0,    0) (   0,    0) (   0,    0) (   0,    0) (   0,    0) (   0,    0)
          (   0,    0) (   0,    0) (   0,    0) (   0,    0) (   0,    0) (   0,    0) (   0,    0) (   0,    0) (   0,    0) (   0,    0)
          (   0,    0) (   0,    0) (   0,    0) (   0,    0) (   0,    0) (   0,    0) (   0,    0) (   0,    0) (   0,    0) (   0,    0)
          (   0,    0) (   0,    0) (   0,    0) (   0,    0) (   0,    0) (   0,    0) (   0,    0) (   0,    0) (   0,    0) (   0,    0)
          (   0,    0) (   0,    0) (   0,    0) (   0,    0) (   0,    0) (   0,    0) (   0,    0) (   0,    0) (   0,    0) (   0,    0)
          (   0,    0) (   0,    0) (   0,    0) (   0,    0) (   0,    0) (   0,    0) (   0,    0) (   0,    0) (   0,    0) (   0,    0)
          (   0,    0) (   0,    0) (   0,    0) (   0,    0) (   0,    0) (   0,    0) (   0,    0) (   0,    0) (   0,    0) (   0,    0)
          (   0,    0) (   0,    0) (   0,    0) (   0,    0) (   0,    0) (   0,    0) (   0,    0) (   0,    0) (   0,    0) (   0,    0)
          (   0,    0) (   0,    0) (   0,    0) (   0,    0) (   0,    0) (   0,    0) (   0,    0) (   0,    0) (   0,    0) (   0,    0)
          (   0,    0) (   0,    0) (   0,    0) (   0,    0) (   0,    0) (   0,    0) (   0,    0) (   0,    0) (   0,    0) (   0,    0)
          (   0,    0) (   0,    0) (   0,    0) (   0,    0) (   0,    0) (   0,    0) (   0,    0) (   0,    0) (   0,    0) (   0,    0)
          (   0,    0) (   0,    0) (   0,    0) (   0,    0) (   0,    0) (   0,    0) (   0,    0) (   0,    0) (   0,    0) (   0,    0)
          (   0,    0) (   0,    0) (   0,    0) (   0,    0) (   0,    0) (   0,    0) (   0,    0) (   0,    0) (   0,    0) (   0,    0)
          (   0,    0) (   0,    0) (   0,    0) (   0,    0) (   0,    0) (   0,    0) (   0,    0) (   0,    0) (   0,    0) (   0,    0)
          (   0,    0) (   0,    0) (   0,    0) (   0,    0) (   0,    0) (   0,    0) (   0,    0) (   0,    0) (   0,    0) (   0,    0)
          (   0,    0) (   0,    0) (   0,    0) (   0,    0) (   0,    0) (   0,    0) (   0,    0) (   0,    0) (   0,    0) (   0,    0)
          (   0,    0) (   0,    0) (   0,    0) (   0,    0) (   0,    0) (   0,    0) (   0,    0) (   0,    0) (   0,    0) (   0,    0)
          (   0,    0) (   0,    0) (   0,    0) (   0,    0) (   0,    0) (   0,    0) (   0,    0) (   0,    0) (   0,    0) (   0,    0)
          (   0,    0) (   0,    0) (   0,    0) (   0,    0) (   0,    0) (   0,    0) (   0,    0) (   0,    0) (   0,    0) (   0,    0)
          (   0,    0) (   0,    0) (   0,    0) (   0,    0) (   0,    0) (   0,    0) (   0,    0) (   0,    0) (   0,    0) (   0,    0)
          (   0,    0) (   0,    0) (   0,    0) (   0,    0) (   0,    0) (   0,    0) (   0,    0) (   0,    0) (   0,    0) (   0,    0)
          (   0,    0) (   0,    0) (   0,    0) (   0,    0) (   0,    0) (   0,    0) (   0,    0) (   0,    0) (   0,    0) (   0,    0)
          (   0,    0) (   0,    0) (   0,    0) (   0,    0) (   0,    0) (   0,    0) (   0,    0) (   0,    0) (   0,    0) (   0,    0)
          (   0,    0) (   0,    0) (   0,    0) (   0,    0) (   0,    0) (   0,    0) (   0,    0) (   0,    0) (   0,    0) (   0,    0)
          (   0,    0) (   0,    0) (   0,    0) (   0,    0) (   0,    0) (   0,    0) (   0,    0) (   0,    0) (   0,    0) (   0,    0)
          (   0,    0) (   0,    0) (   0,    0) (   0,    0) (   0,    0) (   0,    0) (   0,    0) (   0,    0) (   0,    0) (   0,    0)
          (   0,    0) (   0,    0) (   0,    0) (   0,    0) (   0,    0) (   0,    0) (   0,    0) (   0,    0) (   0,    0) (   0,    0)
          (   0,    0) (   0,    0) (   0,    0) (   0,    0) (   0,    0) (   0,    0) (   0,    0) (   0,    0) (   0,    0) (   0,    0)
          (   0,    0) (   0,    0) (   0,    0) (   0,    0) (   0,    0) (   0,    0) (   0,    0) (   0,    0) (   0,    0) (   0,    0)
          (   0,    0) (   0,    0) (   0,    0) (   0,    0) (   0,    0) (   0,    0) (   0,    0) (   0,    0) (   0,    0) (   0,    0)
          (   0,    0) (   0,    0) (   0,    0) (   0,    0) (   0,    0) (   0,    0) (   0,    0) (   0,    0) (   0,    0) (   0,    0)
          (   0,    0) (   0,    0) (   0,    0) (   0,    0) (   0,    0) (   0,    0) (   0,    0) (   0,    0) (   0,    0) (   0,    0)
          (   0,    0) (   0,    0) (   0,    0) (   0,    0) (   0,    0) (   0,    0) (   0,    0) (   0,    0) (   0,    0) (   0,    0)
          (   0,    0) (   0,    0) (   0,    0) (   0,    0) (   0,    0) (   0,    0) (   0,    0) (   0,    0) (   0,    0) (   0,    0)
          (   0,    0) (   0,    0) (   0,    0) (   0,    0) (   0,    0) (   0,    0) (   0,    0) (   0,    0) (   0,    0) (   0,    0)
          (   0,    0) (   0,    0) (   0,    0) (   0,    0) (   0,    0) (   0,    0) (   0,    0) (   0,    0) (   0,    0) (   0,    0)
          (   0,    0) (   0,    0) (   0,    0) (   0,    0) (   0,    0) (   0,    0) (   0,    0) (   0,    0) (   0,    0) (   0,    0)
          (   0,    0) (   0,    0) (   0,    0) (   0,    0) (   0,    0) (   0,    0) (   0,    0) (   0,    0) (   0,    0) (   0,    0)
          (   0,    0) (   0,    0) (   0,    0) (   0,    0) (   0,    0) (   0,    0) (   0,    0) (   0,    0) (   0,    0) (   0,    0)
          (   0,    0) (   0,    0) (   0,    0) (   0,    0) (   0,    0) (   0,    0) (   0,    0) (   0,    0) (   0,    0) (   0,    0)
          (   0,    0) (   0,    0) (   0,    0) (   0,    0) (   0,    0) (   0,    0) (   0,    0) (   0,    0) (   0,    0) (   0,    0)
          (   0,    0) (   0,    0) (   0,    0) (   0,    0) (   0,    0) (   0,    0) (   0,    0) (   0,    0) (   0,    0) (   0,    0)
          (   0,    0) (   0,    0) (   0,    0) (   0,    0) (   0,    0) (   0,    0) (   0,    0) (   0,    0) (   0,    0) (   0,    0)
         
node   9 sent_total    136  recv_total     63

node  10  (   0,    0) (   0,    0) (   1,    0) (   0,    0) (  12,    2) (  24,    8) (  18,    6) (   6,    1) (  18,    3) (   6,    6)
          (   6,    1) (   6,    1) (   6,    1) (  10,    2) (   5,    3) (   5,    1) (   5,    1) (   5,    1) (   5,    1) (   5,    1)
          (  10,    2) (   5,    1) (   5,    6) (   5,    1) (   5,    1) (   5,    1) (   5,    3) (   8,    9) (   4,    6) (   4,    4)
          (   6,    4) (   4,    4) (  24,    9) (   7,   28) (   4,    7) (   4,    5) (  12,    7) (   6,   11) (   4,    7) (   4,    5)
          (   4,    5) (   4,    5) (  12,    7) (  16,    8) (   4,   23) (   4,    6) (   4,    5) (   4,    5) (   4,    6) (   4,    3)
          (   4,    3) (   4,    3) (   4,    3) (   4,    3) (   4,    3) (   4,    3) (   4,    3) (   4,    3) (   4,    3) (   4,    3)
          (   4,    3) (   4,    3) (   4,    3) (   4,    3) (   4,    3) (   4,    3) (   4,    3) (   4,    3) (   4,    3) (   4,    3)
          (   4,    3) (   4,    3) (   4,    3) (   4,    3) (   4,    3) (   4,    3) (   4,    3) (   4,    3) (   4,    3) (   4,    3)
          (   4,    3) (   4,    3) (   4,    3) (   4,    3) (   4,    3) (   4,    3) (   4,    3) (   4,    3) (   4,    3) (   4,    3)
          (   4,    3) (   4,    3) (   4,    3) (   4,    3) (   4,    3) (   4,    3) (   4,    3) (   4,    3) (   4,    3) (   4,    3)
          (   4,    3) (   4,    3) (   4,    3) (   4,    3) (   4,    3) (   4,    3) (   6,    3) (   7,    4) (  32,   10) (   4,   29)
          (   4,    3) (   4,    3) (   4,    3) (   4,    3) (   4,    3) (   4,    3) (   4,    3) (   4,    3) (   4,    3) (   4,    3)
          (   4,    3) (   4,    3) (   4,    3) (   4,    3) (   4,    3) (   4,    3) (   4,    3) (   4,    3) (   4,    3) (   4,    3)
          (   4,    3) (   4,    3) (   4,    3) (   4,    3) (   4,    3) (   4,    3) (   4,    3) (   4,    3) (   4,    3) (   4,    3)
          (   4,    3) (   4,    3) (   4,    3) (   4,    3) (   4,    3) (   4,    3) (   4,    3) (   4,    3) (   4,    3) (   4,    3)
          (   4,    3) (   4,    3) (   4,    3) (   4,    3) (   4,    3) (   4,    3) (   4,    3) (   4,    3) (   4,    3) (   4,    3)
          (   4,    3) (   4,    3) (   4,    3) (   4,    3) (   4,    3) (   4,    3) (   4,    3) (   4,    3) (   4,    3) (   4,    3)
          (   4,    3) (   4,    3) (   4,    3) (   4,    3) (   4,    3) (   4,    3) (   4,    3) (   4,    3) (   4,    3) (   4,    3)
          (   4,    3) (   4,    3) (   4,    3) (   4,    3) (   4,    3) (   4,    3) (   4,    3) (   4,    3) (   4,    3) (   4,    3)
          (   4,    3) (   4,    3) (   4,    3) (   4,    3) (   4,    3) (   4,    3) (   4,    3) (   4,    3) (   4,    3) (   4,    3)
          (   4,    3) (   4,    3) (   4,    3) (   4,    3) (   4,    3) (   4,    3) (   4,    3) (   4,    3) (   4,    3) (   4,    3)
          (   4,    3) (   4,    3) (   4,    3) (   4,    3) (   4,    3) (   4,    3) (   4,    3) (   4,    3) (   4,    3) (   4,    3)
          (   4,    3) (   4,    3) (   4,    3) (   4,    3) (   4,    3) (   4,    3) (   4,    3) (   4,    3) (   4,    3) (   4,    3)
          (   4,    3) (   4,    3) (   4,    3) (   4,    3) (   4,    3) (   4,    3) (   4,    3) (   4,    3) (   4,    3) (   4,    3)
          (   4,    3) (   4,    3) (   4,    3) (   4,    3) (   4,    3) (   4,    3) (   4,    3) (   4,    3) (   4,    3) (   4,    3)
          (   4,    3) (   4,    3) (   4,    3) (   4,    3) (   4,    3) (   4,    3) (   4,    3) (   4,    3) (   4,    3) (   4,    3)
          (   4,    3) (   4,    3) (   4,    3) (   4,    3) (   4,    3) (   4,    3) (   4,    3) (   4,    3) (   4,    3) (   4,    3)
          (   4,    3) (   4,    3) (   4,    3) (   4,    3) (   4,    3) (   4,    3) (   4,    3) (   4,    3) (   4,    3) (   4,    3)
          (   4,    3) (   4,    3) (   4,    3) (   4,    3) (   4,    3) (   4,    3) (   4,    3) (   4,    3) (   4,    3) (   4,    3)
          (   4,    3) (   4,    3) (   4,    3) (   4,    3) (   4,    3) (   4,    3) (   4,    3) (   4,    3) (   4,    3) (   4,    3)
          (   4,    3) (   4,    3) (   4,    3) (   4,    3) (   4,    3) (   4,    3) (   4,    3) (   4,    3) (   4,    3) (   4,    3)
          (   4,    3) (   4,    3) (   4,    3) (   4,    3) (   4,    3) (   4,    3) (   4,    3) (   4,    3) (   4,    3) (   4,    3)
          (   4,    3) (   4,    3) (   4,    3) (   4,    3) (   4,    3) (   4,    3) (   4,    3) (   4,    3) (   4,    3) (   4,    3)
          (   4,    3) (   4,    3) (   4,    3) (   4,    3) (   4,    3) (   4,    3) (   4,    3) (   4,    3) (   4,    3) (   4,    3)
          (   4,    3) (   4,    3) (   4,    3) (   4,    3) (   4,    3) (   4,    3) (   4,    3) (   4,    3) (   4,    3) (   4,    3)
          (   4,    3) (   4,    3) (   4,    3) (   4,    3) (   4,    3) (   4,    3) (   4,    3) (   4,    3) (   4,    3) (   4,    3)
          (   4,    3) (   4,    3) (   4,    3) (   4,    3) (   4,    3) (   4,    3) (   4,    3) (   4,    3) (   4,    3) (   4,    3)
          (   4,    3) (   4,    3) (   4,    3) (   4,    3) (   4,    3) (   4,    3) (   4,    3) (   4,    3) (   4,    3) (   4,    3)
          (   4,    3) (   4,    3) (   4,    3) (   4,    3) (   4,    3) (   4,    3) (   4,    3) (   4,    3) (   4,    3) (   4,    3)
          (   4,    3) (   4,    3) (   4,    3) (   4,    3) (   4,    3) (   4,    3) (   4,    3) (   4,    3) (   4,    3) (   4,    3)
          (   4,    3) (   4,    3) (   4,    3) (   4,    3) (   4,    3) (   4,    3) (   4,    3) (   4,    3) (   4,    3) (   4,    3)
          (   4,    3) (   4,    3) (   4,    3) (   4,    3) (   4,    3) (   4,    3) (   4,    3) (   4,    3) (   4,    3) (   4,    3)
          (   4,    3) (   4,    3) (   4,    3) (   4,    3) (   4,    3) (   4,    3) (   4,    3) (   4,    3) (   4,    3) (   4,    3)
          (   4,    3) (   4,    3) (   4,    3) (   4,    3) (   4,    3) (   4,    3) (   4,    3) (   4,    3) (   4,    3) (   4,    3)
          (   4,    3) (   4,    3) (   4,    3) (   4,    3) (   4,    3) (   4,    3) (   4,    3) (   4,    3) (   4,    3) (   4,    3)
          (   4,    3) (   4,    3) (   4,    3) (   4,    3) (   4,    3) (   4,    3) (   4,    3) (   4,    3) (   4,    3) (   4,    3)
          (   4,    3) (   4,    3) (   4,    3) (   4,    3) (   4,    3) (   4,    3) (   4,    3) (   4,    3) (   4,    3) (   4,    3)
          (   4,    3) (   4,    3) (   4,    3) (   4,    3) (   4,    3) (   4,    3) (   4,    3) (   4,    3) (   4,    3) (   4,    3)
          (   4,    3) (   4,    3) (   4,    3) (   4,    3) (   4,    3) (   4,    3) (   4,    3) (   4,    3) (   4,    3) (   4,    3)
          (   4,    3) (   4,    3) (   4,    3) (   4,    3) (   4,    3) (   4,    3) (   4,    3) (   4,    3) (   4,    3) (   4,    3)
          (   4,    3) (   4,    3) (   4,    3) (   4,    3) (   4,    3) (   4,    3) (   4,    3) (   4,    3) (   4,    3) (   4,    3)
          (   4,    3) (   4,    3) (   4,    3) (   4,    3) (   4,    3) (   4,    3) (   4,    3) (   4,    3) (   4,    3) (   4,    3)
          (   4,    3) (   4,    3) (   4,    3) (   4,    3) (   4,    3) (   4,    3) (   4,    3) (   4,    3) (   4,    3) (   4,    3)
          (   4,    3) (   4,    3) (   4,    3) (   4,    3) (   4,    3) (   4,    3) (   4,    3) (   4,    3) (   4,    3) (   4,    3)
          (   4,    3) (   4,    3) (   4,    3) (   4,    3) (   4,    3) (   4,    3) (   4,    3) (   4,    3) (   4,    3) (   4,    3)
          (   4,    3) (   4,    3) (   4,    3) (   4,    3) (   4,    3) (   4,    3) (   4,    3) (   4,    3) (   4,    3) (   4,    3)
          (   4,    3) (   4,    3) (   4,    3) (   4,    3) (   4,    3) (   4,    3) (   4,    3) (   4,    3) (   4,    3) (   4,    3)
          (   4,    3) (   4,    3) (   4,    3) (   4,    3) (   4,    3) (   4,    3) (   4,    3) (   4,    3) (   4,    3) (   4,    3)
          (   4,    3) (   4,    3) (   4,    3) (   4,    3) (   4,    3) (   4,    3) (   4,    3) (   4,    3) (   4,    3) (   4,    3)
          (   4,    3) (   4,    3) (   4,    3) (   4,    3) (   4,    3) (   4,    3) (   4,    3) (   4,    3) (   4,    3) (   4,    3)
          (   4,    3) (   4,    3) (   4,    3) (   4,    3) (   4,    3) (   4,    3) (   4,    3) (   4,    3) (   4,    3) (   4,    3)
          (   4,    3) (   4,    3) (   4,    3) (   4,    3) (   4,    3) (   4,    3) (   4,    3) (   4,    3) (   4,    3) (   4,    3)
          (   4,    3) (   4,    3) (   4,    3) (   4,    3) (   4,    3) (   4,    3) (   4,    3) (   4,    3) (   4,    3) (   4,    3)
          (   4,    3) (   4,    3) (   4,    3) (   4,    3) (   4,    3) (   4,    3) (   4,    3) (   4,    3) (   4,    3) (   4,    3)
          (   4,    3) (   4,    3) (   4,    3) (   4,    3) (   4,    3) (   4,    3) (   4,    3) (   4,    3) (   4,    3) (   4,    3)
          (   4,    3) (   4,    3) (   4,    3) (   4,    3) (   4,    3) (   4,    3) (   4,    3) (   4,    3) (   4,    3) (   4,    3)
          (   4,    3) (   4,    3) (   4,    3) (   4,    3) (   4,    3) (   4,    3) (   4,    3) (   4,    3) (   4,    3) (   4,    3)
          (   4,    3) (   4,    3) (   4,    3) (   4,    3) (   4,    3) (   4,    3) (   4,    3) (   4,    3) (   4,    3) (   4,    3)
          (   4,    3) (   4,    3) (   4,    3) (   4,    3) (   4,    3) (   4,    3) (   4,    3) (   4,    3) (   4,    3) (   4,    3)
          (   4,    3) (   4,    3) (   4,    3) (   4,    3) (   4,    3) (   4,    3) (   4,    3) (   4,    3) (   4,    3) (   4,    3)
         
node  10 sent_total   2967  recv_total   2217

