============================================
Grading Started
============================================
Single Failure Scenario
============================
Checking Join..................0/10
Checking Completeness..........0/10
Checking Accuracy..............0/10
============================================
Multi Failure Scenario
============================
Checking Join..................0/10
Checking Completeness..........0/10
Checking Accuracy..............0/10
============================================
Message Drop Single Failure Scenario
============================
Checking Join..................0/15
Checking Completeness..........0/15
Final grade 0
